<?xml version="1.0" encoding="UTF-8"?>
<testsuite xmlns:xsi="http://www.w3.org/2001/XMLSchema-instance" xsi:noNamespaceSchemaLocation="https://maven.apache.org/surefire/maven-surefire-plugin/xsd/surefire-test-report.xsd" version="3.0.2" name="TestSuite" time="115.743" tests="49" errors="0" skipped="0" failures="0">
  <properties>
[...]
</properties>
  <testcase name="runScenario[&quot;Empty username with valid password&quot;, &quot;Login functionality&quot;](1)" classname="cucumberOptions.TestRunner" time="7.654">
    <system-out><![CDATA[23:45:59.158 [main] INFO  hooks.TestExecutionHooks - ==================================================
23:45:59.163 [main] INFO  hooks.TestExecutionHooks -         TEST EXECUTION CONFIGURATION
23:45:59.163 [main] INFO  hooks.TestExecutionHooks - ==================================================
23:45:59.170 [main] INFO  hooks.TestExecutionHooks - Environment     : qa
23:45:59.170 [main] INFO  hooks.TestExecutionHooks - Browser         : chrome
23:45:59.170 [main] INFO  hooks.TestExecutionHooks - Parallel Threads: 5
23:45:59.170 [main] INFO  hooks.TestExecutionHooks - ==================================================

@regression @login @positive
Scenario: Valid login credentials              # src/test/resources/features/login.feature:8

@regression @login @negative
Scenario: Invalid username with invalid password         # src/test/resources/features/login.feature:26

@regression @login @negative
Scenario: Invalid username with valid password   # src/test/resources/features/login.feature:14

@regression @login @validation
Scenario: Empty username with valid password       # src/test/resources/features/login.feature:32

@regression @login @negative
Scenario: Valid username with invalid password       # src/test/resources/features/login.feature:20
23:45:59.562 [TestNG-PoolService-4] INFO  hooks.Hooks - Starting browser...
23:45:59.562 [TestNG-PoolService-0] INFO  hooks.Hooks - Starting browser...
23:45:59.562 [TestNG-PoolService-1] INFO  hooks.Hooks - Starting browser...
23:45:59.562 [TestNG-PoolService-3] INFO  hooks.Hooks - Starting browser...
23:45:59.562 [TestNG-PoolService-2] INFO  hooks.Hooks - Starting browser...
23:46:00.010 [TestNG-PoolService-0] INFO  io.github.bonigarcia.wdm.WebDriverManager - Using chromedriver 153.0.8010.52 (resolved driver for Chrome 153)
23:46:00.010 [TestNG-PoolService-3] INFO  io.github.bonigarcia.wdm.WebDriverManager - Using chromedriver 153.0.8010.52 (resolved driver for Chrome 153)
23:46:00.010 [TestNG-PoolService-2] INFO  io.github.bonigarcia.wdm.WebDriverManager - Using chromedriver 153.0.8010.52 (resolved driver for Chrome 153)
23:46:00.010 [TestNG-PoolService-1] INFO  io.github.bonigarcia.wdm.WebDriverManager - Using chromedriver 153.0.8010.52 (resolved driver for Chrome 153)
23:46:00.012 [TestNG-PoolService-4] INFO  io.github.bonigarcia.wdm.WebDriverManager - Using chromedriver 153.0.8010.52 (resolved driver for Chrome 153)
23:46:00.046 [TestNG-PoolService-3] INFO  io.github.bonigarcia.wdm.WebDriverManager - Exporting webdriver.chrome.driver as C:\Users\deepi\.cache\selenium\chromedriver\win64\153.0.8010.52\chromedriver.exe
23:46:00.046 [TestNG-PoolService-0] INFO  io.github.bonigarcia.wdm.WebDriverManager - Exporting webdriver.chrome.driver as C:\Users\deepi\.cache\selenium\chromedriver\win64\153.0.8010.52\chromedriver.exe
23:46:00.046 [TestNG-PoolService-1] INFO  io.github.bonigarcia.wdm.WebDriverManager - Exporting webdriver.chrome.driver as C:\Users\deepi\.cache\selenium\chromedriver\win64\153.0.8010.52\chromedriver.exe
23:46:00.047 [TestNG-PoolService-2] INFO  io.github.bonigarcia.wdm.WebDriverManager - Exporting webdriver.chrome.driver as C:\Users\deepi\.cache\selenium\chromedriver\win64\153.0.8010.52\chromedriver.exe
23:46:00.047 [TestNG-PoolService-4] INFO  io.github.bonigarcia.wdm.WebDriverManager - Exporting webdriver.chrome.driver as C:\Users\deepi\.cache\selenium\chromedriver\win64\153.0.8010.52\chromedriver.exe
23:46:02.148 [TestNG-PoolService-4] INFO  hooks.Hooks - Browser started successfully.
23:46:02.148 [TestNG-PoolService-0] INFO  hooks.Hooks - Browser started successfully.
23:46:02.148 [TestNG-PoolService-1] INFO  hooks.Hooks - Browser started successfully.
23:46:02.148 [TestNG-PoolService-3] INFO  hooks.Hooks - Browser started successfully.
23:46:02.148 [TestNG-PoolService-2] INFO  hooks.Hooks - Browser started successfully.
23:46:02.170 [TestNG-PoolService-3] INFO  stepDefinitions.LoginSteps - Navigating to login page.
23:46:02.170 [TestNG-PoolService-2] INFO  stepDefinitions.LoginSteps - Navigating to login page.
23:46:02.171 [TestNG-PoolService-2] INFO  stepDefinitions.LoginSteps - Navigating to qa environment URL: https://rahulshettyacademy.com/loginpagePractise/
23:46:02.171 [TestNG-PoolService-1] INFO  stepDefinitions.LoginSteps - Navigating to login page.
23:46:02.172 [TestNG-PoolService-3] INFO  stepDefinitions.LoginSteps - Navigating to qa environment URL: https://rahulshettyacademy.com/loginpagePractise/
23:46:02.172 [TestNG-PoolService-1] INFO  stepDefinitions.LoginSteps - Navigating to qa environment URL: https://rahulshettyacademy.com/loginpagePractise/
23:46:02.172 [TestNG-PoolService-0] INFO  stepDefinitions.LoginSteps - Navigating to login page.
23:46:02.173 [TestNG-PoolService-4] INFO  stepDefinitions.LoginSteps - Navigating to login page.
23:46:02.172 [TestNG-PoolService-0] INFO  stepDefinitions.LoginSteps - Navigating to qa environment URL: https://rahulshettyacademy.com/loginpagePractise/
23:46:02.173 [TestNG-PoolService-4] INFO  stepDefinitions.LoginSteps - Navigating to qa environment URL: https://rahulshettyacademy.com/loginpagePractise/
23:46:03.800 [TestNG-PoolService-0] INFO  stepDefinitions.LoginSteps - Navigating to URL: https://rahulshettyacademy.com/loginpagePractise/
23:46:03.811 [TestNG-PoolService-4] INFO  stepDefinitions.LoginSteps - Navigating to URL: https://rahulshettyacademy.com/loginpagePractise/
23:46:05.464 [TestNG-PoolService-0] INFO  stepDefinitions.LoginSteps - Login page loaded successfully.
  Given User is on the Login Page              # stepDefinitions.LoginSteps.user_is_on_the_login_page()
23:46:05.472 [TestNG-PoolService-0] INFO  stepDefinitions.LoginSteps - Test data key: validUser
23:46:05.474 [TestNG-PoolService-0] INFO  stepDefinitions.LoginSteps - Username entered: rahulshettyacademy
23:46:05.475 [TestNG-PoolService-0] INFO  stepDefinitions.LoginSteps - Password retrieved: true
23:46:05.715 [TestNG-PoolService-4] INFO  stepDefinitions.LoginSteps - Login page loaded successfully.
  Given User is on the Login Page                  # stepDefinitions.LoginSteps.user_is_on_the_login_page()
23:46:05.720 [TestNG-PoolService-4] INFO  stepDefinitions.LoginSteps - Test data key: emptyUsername
23:46:05.722 [TestNG-PoolService-4] INFO  stepDefinitions.LoginSteps - Username entered: 
23:46:05.722 [TestNG-PoolService-4] INFO  stepDefinitions.LoginSteps - Password retrieved: true
23:46:05.912 [TestNG-PoolService-2] INFO  stepDefinitions.LoginSteps - Navigating to URL: https://rahulshettyacademy.com/loginpagePractise/
  When User enters credentials for "validUser" # stepDefinitions.LoginSteps.user_enters_credentials(java.lang.String)
23:46:05.991 [TestNG-PoolService-0] INFO  stepDefinitions.LoginSteps - Clicking login button.
  When User enters credentials for "emptyUsername" # stepDefinitions.LoginSteps.user_enters_credentials(java.lang.String)
23:46:06.228 [TestNG-PoolService-4] INFO  stepDefinitions.LoginSteps - Clicking login button.
23:46:06.230 [TestNG-PoolService-1] INFO  stepDefinitions.LoginSteps - Navigating to URL: https://rahulshettyacademy.com/loginpagePractise/
  And User clicks on login button              # stepDefinitions.LoginSteps.user_clicks_on_login_button()
23:46:06.251 [TestNG-PoolService-0] INFO  stepDefinitions.LoginSteps - Verifying login outcome: successful login
23:46:06.266 [TestNG-PoolService-0] INFO  stepDefinitions.LoginSteps - Current URL after login: https://rahulshettyacademy.com/loginpagePractise/
  And User clicks on login button                  # stepDefinitions.LoginSteps.user_clicks_on_login_button()
23:46:06.601 [TestNG-PoolService-4] INFO  stepDefinitions.LoginSteps - Verifying login outcome: Empty username/password
23:46:06.629 [TestNG-PoolService-4] INFO  stepDefinitions.LoginSteps - Empty username/password correctly prevented successful login.
  Then User should see "Empty username/password"   # stepDefinitions.LoginSteps.user_should_see(java.lang.String)
23:46:06.633 [TestNG-PoolService-2] INFO  stepDefinitions.LoginSteps - Login page loaded successfully.
  Given User is on the Login Page                    # stepDefinitions.LoginSteps.user_is_on_the_login_page()
23:46:06.634 [TestNG-PoolService-4] INFO  hooks.Hooks - Closing browser...
23:46:06.635 [TestNG-PoolService-2] INFO  stepDefinitions.LoginSteps - Test data key: invalidPassword
23:46:06.635 [TestNG-PoolService-2] INFO  stepDefinitions.LoginSteps - Username entered: rahulshettyacademy
23:46:06.636 [TestNG-PoolService-2] INFO  stepDefinitions.LoginSteps - Password retrieved: true
23:46:06.843 [TestNG-PoolService-3] INFO  stepDefinitions.LoginSteps - Navigating to URL: https://rahulshettyacademy.com/loginpagePractise/
23:46:06.946 [TestNG-PoolService-4] INFO  hooks.Hooks - Browser cleanup completed.
]]></system-out>
  </testcase>
  <testcase name="runScenario[&quot;Valid username with invalid password&quot;, &quot;Login functionality&quot;](2)" classname="cucumberOptions.TestRunner" time="3.143">
    <system-out><![CDATA[23:46:06.959 [TestNG-PoolService-1] INFO  stepDefinitions.LoginSteps - Login page loaded successfully.
  Given User is on the Login Page                # stepDefinitions.LoginSteps.user_is_on_the_login_page()
23:46:06.961 [TestNG-PoolService-1] INFO  stepDefinitions.LoginSteps - Test data key: invalidUser
23:46:06.962 [TestNG-PoolService-1] INFO  stepDefinitions.LoginSteps - Username entered: wronguser
23:46:06.962 [TestNG-PoolService-1] INFO  stepDefinitions.LoginSteps - Password retrieved: true

@regression @login @validation
Scenario: Valid username with empty password       # src/test/resources/features/login.feature:38
23:46:06.982 [TestNG-PoolService-4] INFO  hooks.Hooks - Starting browser...
23:46:07.018 [TestNG-PoolService-4] INFO  io.github.bonigarcia.wdm.WebDriverManager - Using chromedriver 153.0.8010.52 (resolved driver for Chrome 153)
23:46:07.040 [TestNG-PoolService-4] INFO  io.github.bonigarcia.wdm.WebDriverManager - Exporting webdriver.chrome.driver as C:\Users\deepi\.cache\selenium\chromedriver\win64\153.0.8010.52\chromedriver.exe
  When User enters credentials for "invalidPassword" # stepDefinitions.LoginSteps.user_enters_credentials(java.lang.String)
23:46:07.181 [TestNG-PoolService-2] INFO  stepDefinitions.LoginSteps - Clicking login button.
  And User clicks on login button                    # stepDefinitions.LoginSteps.user_clicks_on_login_button()
23:46:07.457 [TestNG-PoolService-2] INFO  stepDefinitions.LoginSteps - Verifying login outcome: Invalid credentials
  When User enters credentials for "invalidUser" # stepDefinitions.LoginSteps.user_enters_credentials(java.lang.String)
23:46:07.478 [TestNG-PoolService-1] INFO  stepDefinitions.LoginSteps - Clicking login button.
23:46:07.532 [TestNG-PoolService-3] INFO  stepDefinitions.LoginSteps - Login page loaded successfully.
  Given User is on the Login Page                        # stepDefinitions.LoginSteps.user_is_on_the_login_page()
23:46:07.533 [TestNG-PoolService-3] INFO  stepDefinitions.LoginSteps - Test data key: invalidUserPassword
23:46:07.534 [TestNG-PoolService-3] INFO  stepDefinitions.LoginSteps - Username entered: wronguser
23:46:07.534 [TestNG-PoolService-3] INFO  stepDefinitions.LoginSteps - Password retrieved: true
  And User clicks on login button                # stepDefinitions.LoginSteps.user_clicks_on_login_button()
23:46:07.779 [TestNG-PoolService-1] INFO  stepDefinitions.LoginSteps - Verifying login outcome: Invalid credentials
23:46:07.782 [TestNG-PoolService-4] INFO  hooks.Hooks - Browser started successfully.
23:46:07.784 [TestNG-PoolService-4] INFO  stepDefinitions.LoginSteps - Navigating to login page.
23:46:07.785 [TestNG-PoolService-4] INFO  stepDefinitions.LoginSteps - Navigating to qa environment URL: https://rahulshettyacademy.com/loginpagePractise/
  When User enters credentials for "invalidUserPassword" # stepDefinitions.LoginSteps.user_enters_credentials(java.lang.String)
23:46:08.033 [TestNG-PoolService-3] INFO  stepDefinitions.LoginSteps - Clicking login button.
  And User clicks on login button                        # stepDefinitions.LoginSteps.user_clicks_on_login_button()
23:46:08.357 [TestNG-PoolService-3] INFO  stepDefinitions.LoginSteps - Verifying login outcome: Invalid credentials
23:46:09.805 [TestNG-PoolService-2] INFO  stepDefinitions.LoginSteps - Application error message: Incorrect username/password.
23:46:09.821 [TestNG-PoolService-2] INFO  stepDefinitions.LoginSteps - Invalid credentials correctly handled.
  Then User should see "Invalid credentials"         # stepDefinitions.LoginSteps.user_should_see(java.lang.String)
23:46:09.823 [TestNG-PoolService-2] INFO  hooks.Hooks - Closing browser...
23:46:09.946 [TestNG-PoolService-4] INFO  stepDefinitions.LoginSteps - Navigating to URL: https://rahulshettyacademy.com/loginpagePractise/
23:46:10.105 [TestNG-PoolService-1] INFO  stepDefinitions.LoginSteps - Application error message: Incorrect username/password.
23:46:10.108 [TestNG-PoolService-2] INFO  hooks.Hooks - Browser cleanup completed.
]]></system-out>
  </testcase>
  <testcase name="runScenario[&quot;Invalid username with valid password&quot;, &quot;Login functionality&quot;](3)" classname="cucumberOptions.TestRunner" time="0.295">
    <system-out><![CDATA[23:46:10.117 [TestNG-PoolService-1] INFO  stepDefinitions.LoginSteps - Invalid credentials correctly handled.
  Then User should see "Invalid credentials"     # stepDefinitions.LoginSteps.user_should_see(java.lang.String)
23:46:10.118 [TestNG-PoolService-1] INFO  hooks.Hooks - Closing browser...

@regression @login @validation
Scenario: Empty username and empty password           # src/test/resources/features/login.feature:44
23:46:10.130 [TestNG-PoolService-2] INFO  hooks.Hooks - Starting browser...
23:46:10.171 [TestNG-PoolService-2] INFO  io.github.bonigarcia.wdm.WebDriverManager - Using chromedriver 153.0.8010.52 (resolved driver for Chrome 153)
23:46:10.192 [TestNG-PoolService-2] INFO  io.github.bonigarcia.wdm.WebDriverManager - Exporting webdriver.chrome.driver as C:\Users\deepi\.cache\selenium\chromedriver\win64\153.0.8010.52\chromedriver.exe
23:46:10.326 [TestNG-PoolService-4] INFO  stepDefinitions.LoginSteps - Login page loaded successfully.
  Given User is on the Login Page                  # stepDefinitions.LoginSteps.user_is_on_the_login_page()
23:46:10.327 [TestNG-PoolService-4] INFO  stepDefinitions.LoginSteps - Test data key: emptyPassword
23:46:10.328 [TestNG-PoolService-4] INFO  stepDefinitions.LoginSteps - Username entered: rahulshettyacademy
23:46:10.328 [TestNG-PoolService-4] INFO  stepDefinitions.LoginSteps - Password retrieved: false
23:46:10.402 [TestNG-PoolService-1] INFO  hooks.Hooks - Browser cleanup completed.
]]></system-out>
  </testcase>
  <testcase name="runScenario[&quot;Invalid username with invalid password&quot;, &quot;Login functionality&quot;](4)" classname="cucumberOptions.TestRunner" time="1.063">
    <system-out><![CDATA[
@regression @login @validation
Scenario: Username with leading and trailing spaces     # src/test/resources/features/login.feature:50
23:46:10.416 [TestNG-PoolService-1] INFO  hooks.Hooks - Starting browser...
23:46:10.448 [TestNG-PoolService-1] INFO  io.github.bonigarcia.wdm.WebDriverManager - Using chromedriver 153.0.8010.52 (resolved driver for Chrome 153)
23:46:10.465 [TestNG-PoolService-1] INFO  io.github.bonigarcia.wdm.WebDriverManager - Exporting webdriver.chrome.driver as C:\Users\deepi\.cache\selenium\chromedriver\win64\153.0.8010.52\chromedriver.exe
23:46:10.679 [TestNG-PoolService-3] INFO  stepDefinitions.LoginSteps - Application error message: Incorrect username/password.
  When User enters credentials for "emptyPassword" # stepDefinitions.LoginSteps.user_enters_credentials(java.lang.String)
23:46:10.681 [TestNG-PoolService-4] INFO  stepDefinitions.LoginSteps - Clicking login button.
23:46:10.690 [TestNG-PoolService-3] INFO  stepDefinitions.LoginSteps - Invalid credentials correctly handled.
  Then User should see "Invalid credentials"             # stepDefinitions.LoginSteps.user_should_see(java.lang.String)
23:46:10.693 [TestNG-PoolService-3] INFO  hooks.Hooks - Closing browser...
23:46:10.982 [TestNG-PoolService-2] INFO  hooks.Hooks - Browser started successfully.
23:46:10.985 [TestNG-PoolService-2] INFO  stepDefinitions.LoginSteps - Navigating to login page.
23:46:10.985 [TestNG-PoolService-2] INFO  stepDefinitions.LoginSteps - Navigating to qa environment URL: https://rahulshettyacademy.com/loginpagePractise/
  And User clicks on login button                  # stepDefinitions.LoginSteps.user_clicks_on_login_button()
23:46:11.015 [TestNG-PoolService-4] INFO  stepDefinitions.LoginSteps - Verifying login outcome: Empty username/password
23:46:11.045 [TestNG-PoolService-4] INFO  stepDefinitions.LoginSteps - Empty username/password correctly prevented successful login.
  Then User should see "Empty username/password"   # stepDefinitions.LoginSteps.user_should_see(java.lang.String)
23:46:11.046 [TestNG-PoolService-4] INFO  hooks.Hooks - Closing browser...
23:46:11.049 [TestNG-PoolService-0] INFO  stepDefinitions.LoginSteps - Login successful. Shop page displayed.
  Then User should see "successful login"      # stepDefinitions.LoginSteps.user_should_see(java.lang.String)
23:46:11.051 [TestNG-PoolService-0] INFO  hooks.Hooks - Closing browser...
23:46:11.364 [TestNG-PoolService-1] INFO  hooks.Hooks - Browser started successfully.
23:46:11.366 [TestNG-PoolService-1] INFO  stepDefinitions.LoginSteps - Navigating to login page.
23:46:11.367 [TestNG-PoolService-1] INFO  stepDefinitions.LoginSteps - Navigating to qa environment URL: https://rahulshettyacademy.com/loginpagePractise/
23:46:11.466 [TestNG-PoolService-3] INFO  hooks.Hooks - Browser cleanup completed.
]]></system-out>
  </testcase>
  <testcase name="runScenario[&quot;Valid username with empty password&quot;, &quot;Login functionality&quot;](5)" classname="cucumberOptions.TestRunner" time="0.047">
    <system-out><![CDATA[
@regression @login @negative
Scenario: Password containing special characters              # src/test/resources/features/login.feature:56
23:46:11.475 [TestNG-PoolService-3] INFO  hooks.Hooks - Starting browser...
23:46:11.498 [TestNG-PoolService-3] INFO  io.github.bonigarcia.wdm.WebDriverManager - Using chromedriver 153.0.8010.52 (resolved driver for Chrome 153)
23:46:11.512 [TestNG-PoolService-4] INFO  hooks.Hooks - Browser cleanup completed.
]]></system-out>
  </testcase>
  <testcase name="runScenario[&quot;Valid login credentials&quot;, &quot;Login functionality&quot;](6)" classname="cucumberOptions.TestRunner" time="0.061">
    <system-out><![CDATA[23:46:11.515 [TestNG-PoolService-3] INFO  io.github.bonigarcia.wdm.WebDriverManager - Exporting webdriver.chrome.driver as C:\Users\deepi\.cache\selenium\chromedriver\win64\153.0.8010.52\chromedriver.exe

@regression @login @security
Scenario: Invalid credentials should not allow access to Shop # src/test/resources/features/login.feature:62
23:46:11.523 [TestNG-PoolService-4] INFO  hooks.Hooks - Starting browser...
23:46:11.552 [TestNG-PoolService-4] INFO  io.github.bonigarcia.wdm.WebDriverManager - Using chromedriver 153.0.8010.52 (resolved driver for Chrome 153)
23:46:11.569 [TestNG-PoolService-4] INFO  io.github.bonigarcia.wdm.WebDriverManager - Exporting webdriver.chrome.driver as C:\Users\deepi\.cache\selenium\chromedriver\win64\153.0.8010.52\chromedriver.exe
23:46:11.576 [TestNG-PoolService-0] INFO  hooks.Hooks - Browser cleanup completed.
]]></system-out>
  </testcase>
  <testcase name="runScenario[&quot;Empty username and empty password&quot;, &quot;Login functionality&quot;](7)" classname="cucumberOptions.TestRunner" time="5.666">
    <system-out><![CDATA[
@regression @shop @positive
Scenario: Verify Shop page is displayed after successful login # src/test/resources/features/shop.feature:4
23:46:11.622 [TestNG-PoolService-0] INFO  hooks.Hooks - Starting browser...
23:46:11.647 [TestNG-PoolService-0] INFO  io.github.bonigarcia.wdm.WebDriverManager - Using chromedriver 153.0.8010.52 (resolved driver for Chrome 153)
23:46:11.665 [TestNG-PoolService-0] INFO  io.github.bonigarcia.wdm.WebDriverManager - Exporting webdriver.chrome.driver as C:\Users\deepi\.cache\selenium\chromedriver\win64\153.0.8010.52\chromedriver.exe
23:46:12.326 [TestNG-PoolService-3] INFO  hooks.Hooks - Browser started successfully.
23:46:12.355 [TestNG-PoolService-3] INFO  stepDefinitions.LoginSteps - Navigating to login page.
23:46:12.358 [TestNG-PoolService-3] INFO  stepDefinitions.LoginSteps - Navigating to qa environment URL: https://rahulshettyacademy.com/loginpagePractise/
23:46:12.490 [TestNG-PoolService-4] INFO  hooks.Hooks - Browser started successfully.
23:46:12.493 [TestNG-PoolService-4] INFO  stepDefinitions.LoginSteps - Navigating to login page.
23:46:12.493 [TestNG-PoolService-4] INFO  stepDefinitions.LoginSteps - Navigating to qa environment URL: https://rahulshettyacademy.com/loginpagePractise/
23:46:12.556 [TestNG-PoolService-0] INFO  hooks.Hooks - Browser started successfully.
23:46:12.557 [TestNG-PoolService-0] INFO  stepDefinitions.LoginSteps - Navigating to login page.
23:46:12.558 [TestNG-PoolService-0] INFO  stepDefinitions.LoginSteps - Navigating to qa environment URL: https://rahulshettyacademy.com/loginpagePractise/
23:46:15.325 [TestNG-PoolService-3] INFO  stepDefinitions.LoginSteps - Navigating to URL: https://rahulshettyacademy.com/loginpagePractise/
23:46:15.457 [TestNG-PoolService-2] INFO  stepDefinitions.LoginSteps - Navigating to URL: https://rahulshettyacademy.com/loginpagePractise/
23:46:15.629 [TestNG-PoolService-0] INFO  stepDefinitions.LoginSteps - Navigating to URL: https://rahulshettyacademy.com/loginpagePractise/
23:46:15.709 [TestNG-PoolService-1] INFO  stepDefinitions.LoginSteps - Navigating to URL: https://rahulshettyacademy.com/loginpagePractise/
23:46:16.032 [TestNG-PoolService-3] INFO  stepDefinitions.LoginSteps - Login page loaded successfully.
  Given User is on the Login Page                             # stepDefinitions.LoginSteps.user_is_on_the_login_page()
23:46:16.035 [TestNG-PoolService-3] INFO  stepDefinitions.LoginSteps - Test data key: specialCharacterPassword
23:46:16.036 [TestNG-PoolService-3] INFO  stepDefinitions.LoginSteps - Username entered: rahulshettyacademy
23:46:16.037 [TestNG-PoolService-3] INFO  stepDefinitions.LoginSteps - Password retrieved: true
23:46:16.116 [TestNG-PoolService-0] INFO  stepDefinitions.LoginSteps - Login page loaded successfully.
  Given User is on the Login Page                              # stepDefinitions.LoginSteps.user_is_on_the_login_page()
23:46:16.117 [TestNG-PoolService-0] INFO  stepDefinitions.LoginSteps - Test data key: validUser
23:46:16.118 [TestNG-PoolService-0] INFO  stepDefinitions.LoginSteps - Username entered: rahulshettyacademy
23:46:16.119 [TestNG-PoolService-0] INFO  stepDefinitions.LoginSteps - Password retrieved: true
23:46:16.158 [TestNG-PoolService-2] INFO  stepDefinitions.LoginSteps - Login page loaded successfully.
  Given User is on the Login Page                     # stepDefinitions.LoginSteps.user_is_on_the_login_page()
23:46:16.160 [TestNG-PoolService-2] INFO  stepDefinitions.LoginSteps - Test data key: emptyCredentials
23:46:16.161 [TestNG-PoolService-2] INFO  stepDefinitions.LoginSteps - Username entered: 
23:46:16.161 [TestNG-PoolService-2] INFO  stepDefinitions.LoginSteps - Password retrieved: false
23:46:16.401 [TestNG-PoolService-1] INFO  stepDefinitions.LoginSteps - Login page loaded successfully.
  Given User is on the Login Page                       # stepDefinitions.LoginSteps.user_is_on_the_login_page()
23:46:16.403 [TestNG-PoolService-1] INFO  stepDefinitions.LoginSteps - Test data key: usernameWithSpaces
23:46:16.404 [TestNG-PoolService-1] INFO  stepDefinitions.LoginSteps - Username entered: rahulshettyacademy  
23:46:16.404 [TestNG-PoolService-1] INFO  stepDefinitions.LoginSteps - Password retrieved: true
  When User enters credentials for "validUser"                 # stepDefinitions.LoginSteps.user_enters_credentials(java.lang.String)
23:46:16.604 [TestNG-PoolService-0] INFO  stepDefinitions.LoginSteps - Clicking login button.
  When User enters credentials for "emptyCredentials" # stepDefinitions.LoginSteps.user_enters_credentials(java.lang.String)
23:46:16.606 [TestNG-PoolService-2] INFO  stepDefinitions.LoginSteps - Clicking login button.
  When User enters credentials for "specialCharacterPassword" # stepDefinitions.LoginSteps.user_enters_credentials(java.lang.String)
23:46:16.658 [TestNG-PoolService-3] INFO  stepDefinitions.LoginSteps - Clicking login button.
23:46:16.744 [TestNG-PoolService-4] INFO  stepDefinitions.LoginSteps - Navigating to URL: https://rahulshettyacademy.com/loginpagePractise/
  And User clicks on login button                              # stepDefinitions.LoginSteps.user_clicks_on_login_button()
23:46:16.836 [TestNG-PoolService-0] INFO  stepDefinitions.LoginSteps - Verifying Shop page is displayed.
  And User clicks on login button                             # stepDefinitions.LoginSteps.user_clicks_on_login_button()
  And User clicks on login button                     # stepDefinitions.LoginSteps.user_clicks_on_login_button()
23:46:16.946 [TestNG-PoolService-3] INFO  stepDefinitions.LoginSteps - Verifying login outcome: Invalid credentials
23:46:16.948 [TestNG-PoolService-2] INFO  stepDefinitions.LoginSteps - Verifying login outcome: Empty username/password
23:46:16.971 [TestNG-PoolService-2] INFO  stepDefinitions.LoginSteps - Empty username/password correctly prevented successful login.
  Then User should see "Empty username/password"      # stepDefinitions.LoginSteps.user_should_see(java.lang.String)
23:46:16.973 [TestNG-PoolService-2] INFO  hooks.Hooks - Closing browser...
  When User enters credentials for "usernameWithSpaces" # stepDefinitions.LoginSteps.user_enters_credentials(java.lang.String)
23:46:16.994 [TestNG-PoolService-1] INFO  stepDefinitions.LoginSteps - Clicking login button.
23:46:17.243 [TestNG-PoolService-2] INFO  hooks.Hooks - Browser cleanup completed.
]]></system-out>
  </testcase>
  <testcase name="runScenario[&quot;Invalid credentials should not allow access to Shop&quot;, &quot;Login functionality&quot;](8)" classname="cucumberOptions.TestRunner" time="1.315">
    <system-out><![CDATA[
@regression @shop @positive
Scenario: Verify products are displayed on Shop page # src/test/resources/features/shop.feature:11
23:46:17.255 [TestNG-PoolService-2] INFO  hooks.Hooks - Starting browser...
  And User clicks on login button                       # stepDefinitions.LoginSteps.user_clicks_on_login_button()
23:46:17.284 [TestNG-PoolService-1] INFO  stepDefinitions.LoginSteps - Verifying login outcome: Invalid credentials
23:46:17.292 [TestNG-PoolService-2] INFO  io.github.bonigarcia.wdm.WebDriverManager - Using chromedriver 153.0.8010.52 (resolved driver for Chrome 153)
23:46:17.323 [TestNG-PoolService-2] INFO  io.github.bonigarcia.wdm.WebDriverManager - Exporting webdriver.chrome.driver as C:\Users\deepi\.cache\selenium\chromedriver\win64\153.0.8010.52\chromedriver.exe
23:46:17.418 [TestNG-PoolService-4] INFO  stepDefinitions.LoginSteps - Login page loaded successfully.
  Given User is on the Login Page                             # stepDefinitions.LoginSteps.user_is_on_the_login_page()
23:46:17.421 [TestNG-PoolService-4] INFO  stepDefinitions.LoginSteps - Test data key: invalidUserPassword
23:46:17.422 [TestNG-PoolService-4] INFO  stepDefinitions.LoginSteps - Username entered: wronguser
23:46:17.422 [TestNG-PoolService-4] INFO  stepDefinitions.LoginSteps - Password retrieved: true
  When User enters credentials for "invalidUserPassword"      # stepDefinitions.LoginSteps.user_enters_credentials(java.lang.String)
23:46:17.975 [TestNG-PoolService-4] INFO  stepDefinitions.LoginSteps - Clicking login button.
23:46:18.157 [TestNG-PoolService-2] INFO  hooks.Hooks - Browser started successfully.
23:46:18.158 [TestNG-PoolService-2] INFO  stepDefinitions.LoginSteps - Navigating to login page.
23:46:18.159 [TestNG-PoolService-2] INFO  stepDefinitions.LoginSteps - Navigating to qa environment URL: https://rahulshettyacademy.com/loginpagePractise/
  And User clicks on login button                             # stepDefinitions.LoginSteps.user_clicks_on_login_button()
23:46:18.242 [TestNG-PoolService-4] INFO  stepDefinitions.LoginSteps - Verifying user remains on Login page after invalid login.
23:46:18.255 [TestNG-PoolService-4] INFO  stepDefinitions.LoginSteps - User correctly remained on Login page.
  Then User should remain on the Login Page                   # stepDefinitions.LoginSteps.user_should_remain_on_login_page()
23:46:18.257 [TestNG-PoolService-4] INFO  hooks.Hooks - Closing browser...
23:46:18.559 [TestNG-PoolService-4] INFO  hooks.Hooks - Browser cleanup completed.
]]></system-out>
  </testcase>
  <testcase name="runScenario[&quot;Password containing special characters&quot;, &quot;Login functionality&quot;](9)" classname="cucumberOptions.TestRunner" time="1.165">
    <system-out><![CDATA[
@regression @shop @validation
Scenario: Verify product names are displayed on Shop page # src/test/resources/features/shop.feature:19
23:46:18.571 [TestNG-PoolService-4] INFO  hooks.Hooks - Starting browser...
23:46:18.615 [TestNG-PoolService-4] INFO  io.github.bonigarcia.wdm.WebDriverManager - Using chromedriver 153.0.8010.52 (resolved driver for Chrome 153)
23:46:18.642 [TestNG-PoolService-4] INFO  io.github.bonigarcia.wdm.WebDriverManager - Exporting webdriver.chrome.driver as C:\Users\deepi\.cache\selenium\chromedriver\win64\153.0.8010.52\chromedriver.exe
23:46:19.354 [TestNG-PoolService-3] INFO  stepDefinitions.LoginSteps - Application error message: Incorrect username/password.
23:46:19.367 [TestNG-PoolService-3] INFO  stepDefinitions.LoginSteps - Invalid credentials correctly handled.
  Then User should see "Invalid credentials"                  # stepDefinitions.LoginSteps.user_should_see(java.lang.String)
23:46:19.369 [TestNG-PoolService-3] INFO  hooks.Hooks - Closing browser...
23:46:19.575 [TestNG-PoolService-4] INFO  hooks.Hooks - Browser started successfully.
23:46:19.577 [TestNG-PoolService-4] INFO  stepDefinitions.LoginSteps - Navigating to login page.
23:46:19.579 [TestNG-PoolService-4] INFO  stepDefinitions.LoginSteps - Navigating to qa environment URL: https://rahulshettyacademy.com/loginpagePractise/
23:46:19.675 [TestNG-PoolService-1] INFO  stepDefinitions.LoginSteps - Application error message: Incorrect username/password.
23:46:19.684 [TestNG-PoolService-1] INFO  stepDefinitions.LoginSteps - Invalid credentials correctly handled.
  Then User should see "Invalid credentials"            # stepDefinitions.LoginSteps.user_should_see(java.lang.String)
23:46:19.686 [TestNG-PoolService-1] INFO  hooks.Hooks - Closing browser...
23:46:19.724 [TestNG-PoolService-3] INFO  hooks.Hooks - Browser cleanup completed.
]]></system-out>
  </testcase>
  <testcase name="runScenario[&quot;Username with leading and trailing spaces&quot;, &quot;Login functionality&quot;](10)" classname="cucumberOptions.TestRunner" time="0.24">
    <system-out><![CDATA[
@regression @shop @validation
Scenario: Verify product prices are displayed on Shop page # src/test/resources/features/shop.feature:27
23:46:19.741 [TestNG-PoolService-3] INFO  hooks.Hooks - Starting browser...
23:46:19.767 [TestNG-PoolService-3] INFO  io.github.bonigarcia.wdm.WebDriverManager - Using chromedriver 153.0.8010.52 (resolved driver for Chrome 153)
23:46:19.784 [TestNG-PoolService-3] INFO  io.github.bonigarcia.wdm.WebDriverManager - Exporting webdriver.chrome.driver as C:\Users\deepi\.cache\selenium\chromedriver\win64\153.0.8010.52\chromedriver.exe
23:46:19.968 [TestNG-PoolService-1] INFO  hooks.Hooks - Browser cleanup completed.
]]></system-out>
  </testcase>
  <testcase name="runScenario[&quot;Verify Shop page is displayed after successful login&quot;, &quot;Shop functionality&quot;](11)" classname="cucumberOptions.TestRunner" time="2.092">
    <system-out><![CDATA[
@regression @shop @cart @positive
Scenario: Add a single product to the cart      # src/test/resources/features/shop.feature:35
23:46:19.978 [TestNG-PoolService-1] INFO  hooks.Hooks - Starting browser...
23:46:20.004 [TestNG-PoolService-1] INFO  io.github.bonigarcia.wdm.WebDriverManager - Using chromedriver 153.0.8010.52 (resolved driver for Chrome 153)
23:46:20.020 [TestNG-PoolService-1] INFO  io.github.bonigarcia.wdm.WebDriverManager - Exporting webdriver.chrome.driver as C:\Users\deepi\.cache\selenium\chromedriver\win64\153.0.8010.52\chromedriver.exe
23:46:20.437 [TestNG-PoolService-3] INFO  hooks.Hooks - Browser started successfully.
23:46:20.448 [TestNG-PoolService-3] INFO  stepDefinitions.LoginSteps - Navigating to login page.
23:46:20.448 [TestNG-PoolService-3] INFO  stepDefinitions.LoginSteps - Navigating to qa environment URL: https://rahulshettyacademy.com/loginpagePractise/
23:46:20.497 [TestNG-PoolService-4] INFO  stepDefinitions.LoginSteps - Navigating to URL: https://rahulshettyacademy.com/loginpagePractise/
23:46:20.708 [TestNG-PoolService-2] INFO  stepDefinitions.LoginSteps - Navigating to URL: https://rahulshettyacademy.com/loginpagePractise/
23:46:20.798 [TestNG-PoolService-1] INFO  hooks.Hooks - Browser started successfully.
23:46:20.821 [TestNG-PoolService-1] INFO  stepDefinitions.LoginSteps - Navigating to login page.
23:46:20.822 [TestNG-PoolService-1] INFO  stepDefinitions.LoginSteps - Navigating to qa environment URL: https://rahulshettyacademy.com/loginpagePractise/
23:46:21.235 [TestNG-PoolService-2] INFO  stepDefinitions.LoginSteps - Login page loaded successfully.
  Given User is on the Login Page                    # stepDefinitions.LoginSteps.user_is_on_the_login_page()
23:46:21.237 [TestNG-PoolService-2] INFO  stepDefinitions.LoginSteps - Test data key: validUser
23:46:21.237 [TestNG-PoolService-2] INFO  stepDefinitions.LoginSteps - Username entered: rahulshettyacademy
23:46:21.238 [TestNG-PoolService-2] INFO  stepDefinitions.LoginSteps - Password retrieved: true
23:46:21.750 [TestNG-PoolService-0] INFO  stepDefinitions.LoginSteps - Shop page displayed successfully.
  Then User should see the Shop page                           # stepDefinitions.LoginSteps.user_should_see_the_shop_page()
23:46:21.751 [TestNG-PoolService-0] INFO  hooks.Hooks - Closing browser...
  When User enters credentials for "validUser"       # stepDefinitions.LoginSteps.user_enters_credentials(java.lang.String)
23:46:21.807 [TestNG-PoolService-2] INFO  stepDefinitions.LoginSteps - Clicking login button.
23:46:21.940 [TestNG-PoolService-4] INFO  stepDefinitions.LoginSteps - Login page loaded successfully.
  Given User is on the Login Page                         # stepDefinitions.LoginSteps.user_is_on_the_login_page()
23:46:21.941 [TestNG-PoolService-4] INFO  stepDefinitions.LoginSteps - Test data key: validUser
23:46:21.941 [TestNG-PoolService-4] INFO  stepDefinitions.LoginSteps - Username entered: rahulshettyacademy
23:46:21.941 [TestNG-PoolService-4] INFO  stepDefinitions.LoginSteps - Password retrieved: true
  And User clicks on login button                    # stepDefinitions.LoginSteps.user_clicks_on_login_button()
23:46:22.058 [TestNG-PoolService-2] INFO  stepDefinitions.LoginSteps - Verifying Shop page is displayed.
23:46:22.061 [TestNG-PoolService-0] INFO  hooks.Hooks - Browser cleanup completed.
]]></system-out>
  </testcase>
  <testcase name="runScenario[&quot;Verify products are displayed on Shop page&quot;, &quot;Shop functionality&quot;](12)" classname="cucumberOptions.TestRunner" time="5.253">
    <system-out><![CDATA[
@regression @shop @cart @positive
Scenario: Add two products to the cart               # src/test/resources/features/shop.feature:44
23:46:22.071 [TestNG-PoolService-0] INFO  hooks.Hooks - Starting browser...
23:46:22.097 [TestNG-PoolService-0] INFO  io.github.bonigarcia.wdm.WebDriverManager - Using chromedriver 153.0.8010.52 (resolved driver for Chrome 153)
23:46:22.117 [TestNG-PoolService-0] INFO  io.github.bonigarcia.wdm.WebDriverManager - Exporting webdriver.chrome.driver as C:\Users\deepi\.cache\selenium\chromedriver\win64\153.0.8010.52\chromedriver.exe
  When User enters credentials for "validUser"            # stepDefinitions.LoginSteps.user_enters_credentials(java.lang.String)
23:46:22.307 [TestNG-PoolService-4] INFO  stepDefinitions.LoginSteps - Clicking login button.
  And User clicks on login button                         # stepDefinitions.LoginSteps.user_clicks_on_login_button()
23:46:22.495 [TestNG-PoolService-4] INFO  stepDefinitions.LoginSteps - Verifying Shop page is displayed.
23:46:22.604 [TestNG-PoolService-3] INFO  stepDefinitions.LoginSteps - Navigating to URL: https://rahulshettyacademy.com/loginpagePractise/
23:46:22.780 [TestNG-PoolService-0] INFO  hooks.Hooks - Browser started successfully.
23:46:22.781 [TestNG-PoolService-0] INFO  stepDefinitions.LoginSteps - Navigating to login page.
23:46:22.781 [TestNG-PoolService-0] INFO  stepDefinitions.LoginSteps - Navigating to qa environment URL: https://rahulshettyacademy.com/loginpagePractise/
23:46:23.079 [TestNG-PoolService-3] INFO  stepDefinitions.LoginSteps - Login page loaded successfully.
  Given User is on the Login Page                          # stepDefinitions.LoginSteps.user_is_on_the_login_page()
23:46:23.082 [TestNG-PoolService-3] INFO  stepDefinitions.LoginSteps - Test data key: validUser
23:46:23.082 [TestNG-PoolService-3] INFO  stepDefinitions.LoginSteps - Username entered: rahulshettyacademy
23:46:23.083 [TestNG-PoolService-3] INFO  stepDefinitions.LoginSteps - Password retrieved: true
23:46:23.326 [TestNG-PoolService-1] INFO  stepDefinitions.LoginSteps - Navigating to URL: https://rahulshettyacademy.com/loginpagePractise/
  When User enters credentials for "validUser"             # stepDefinitions.LoginSteps.user_enters_credentials(java.lang.String)
23:46:23.620 [TestNG-PoolService-3] INFO  stepDefinitions.LoginSteps - Clicking login button.
23:46:23.906 [TestNG-PoolService-1] INFO  stepDefinitions.LoginSteps - Login page loaded successfully.
  Given User is on the Login Page               # stepDefinitions.LoginSteps.user_is_on_the_login_page()
23:46:23.908 [TestNG-PoolService-1] INFO  stepDefinitions.LoginSteps - Test data key: validUser
23:46:23.909 [TestNG-PoolService-1] INFO  stepDefinitions.LoginSteps - Username entered: rahulshettyacademy
23:46:23.909 [TestNG-PoolService-1] INFO  stepDefinitions.LoginSteps - Password retrieved: true
  And User clicks on login button                          # stepDefinitions.LoginSteps.user_clicks_on_login_button()
23:46:23.980 [TestNG-PoolService-3] INFO  stepDefinitions.LoginSteps - Verifying Shop page is displayed.
  When User enters credentials for "validUser"  # stepDefinitions.LoginSteps.user_enters_credentials(java.lang.String)
23:46:24.470 [TestNG-PoolService-1] INFO  stepDefinitions.LoginSteps - Clicking login button.
  And User clicks on login button               # stepDefinitions.LoginSteps.user_clicks_on_login_button()
23:46:24.767 [TestNG-PoolService-1] INFO  stepDefinitions.LoginSteps - Verifying Shop page is displayed.
23:46:24.896 [TestNG-PoolService-0] INFO  stepDefinitions.LoginSteps - Navigating to URL: https://rahulshettyacademy.com/loginpagePractise/
23:46:25.258 [TestNG-PoolService-0] INFO  stepDefinitions.LoginSteps - Login page loaded successfully.
  Given User is on the Login Page                    # stepDefinitions.LoginSteps.user_is_on_the_login_page()
23:46:25.260 [TestNG-PoolService-0] INFO  stepDefinitions.LoginSteps - Test data key: validUser
23:46:25.261 [TestNG-PoolService-0] INFO  stepDefinitions.LoginSteps - Username entered: rahulshettyacademy
23:46:25.261 [TestNG-PoolService-0] INFO  stepDefinitions.LoginSteps - Password retrieved: true
  When User enters credentials for "validUser"       # stepDefinitions.LoginSteps.user_enters_credentials(java.lang.String)
23:46:25.705 [TestNG-PoolService-0] INFO  stepDefinitions.LoginSteps - Clicking login button.
  And User clicks on login button                    # stepDefinitions.LoginSteps.user_clicks_on_login_button()
23:46:25.961 [TestNG-PoolService-0] INFO  stepDefinitions.LoginSteps - Verifying Shop page is displayed.
23:46:26.978 [TestNG-PoolService-2] INFO  stepDefinitions.LoginSteps - Shop page displayed successfully.
  Then User should see the Shop page                 # stepDefinitions.LoginSteps.user_should_see_the_shop_page()
23:46:26.981 [TestNG-PoolService-2] INFO  stepDefinitions.ShopSteps - Verifying products are displayed on Shop page.
23:46:27.049 [TestNG-PoolService-2] INFO  stepDefinitions.ShopSteps - Number of products displayed: 4
23:46:27.052 [TestNG-PoolService-2] INFO  stepDefinitions.ShopSteps - Products are displayed successfully.
  And Shop page should display products              # stepDefinitions.ShopSteps.shop_page_should_display_products()
23:46:27.058 [TestNG-PoolService-2] INFO  hooks.Hooks - Closing browser...
23:46:27.222 [TestNG-PoolService-4] INFO  stepDefinitions.LoginSteps - Shop page displayed successfully.
  Then User should see the Shop page                      # stepDefinitions.LoginSteps.user_should_see_the_shop_page()
23:46:27.224 [TestNG-PoolService-4] INFO  stepDefinitions.ShopSteps - Verifying product names are displayed.
23:46:27.293 [TestNG-PoolService-4] INFO  stepDefinitions.ShopSteps - Product name found: iphone X
23:46:27.313 [TestNG-PoolService-2] INFO  hooks.Hooks - Browser cleanup completed.
]]></system-out>
  </testcase>
  <testcase name="runScenario[&quot;Verify product names are displayed on Shop page&quot;, &quot;Shop functionality&quot;](13)" classname="cucumberOptions.TestRunner" time="0.363">
    <system-out><![CDATA[23:46:27.317 [TestNG-PoolService-4] INFO  stepDefinitions.ShopSteps - Product name found: Samsung Note 8

@regression @shop @cart @validation
Scenario: Verify cart count after adding products # src/test/resources/features/shop.feature:54
23:46:27.326 [TestNG-PoolService-2] INFO  hooks.Hooks - Starting browser...
23:46:27.334 [TestNG-PoolService-4] INFO  stepDefinitions.ShopSteps - Product name found: Nokia Edge
23:46:27.349 [TestNG-PoolService-2] INFO  io.github.bonigarcia.wdm.WebDriverManager - Using chromedriver 153.0.8010.52 (resolved driver for Chrome 153)
23:46:27.351 [TestNG-PoolService-4] INFO  stepDefinitions.ShopSteps - Product name found: Blackberry
23:46:27.352 [TestNG-PoolService-4] INFO  stepDefinitions.ShopSteps - All 4 product names are displayed successfully.
  And Shop page should display product names              # stepDefinitions.ShopSteps.shop_page_should_display_product_names()
23:46:27.353 [TestNG-PoolService-4] INFO  hooks.Hooks - Closing browser...
23:46:27.363 [TestNG-PoolService-2] INFO  io.github.bonigarcia.wdm.WebDriverManager - Exporting webdriver.chrome.driver as C:\Users\deepi\.cache\selenium\chromedriver\win64\153.0.8010.52\chromedriver.exe
23:46:27.677 [TestNG-PoolService-4] INFO  hooks.Hooks - Browser cleanup completed.
]]></system-out>
  </testcase>
  <testcase name="runScenario[&quot;Verify product prices are displayed on Shop page&quot;, &quot;Shop functionality&quot;](14)" classname="cucumberOptions.TestRunner" time="1.175">
    <system-out><![CDATA[
@regression @shop @cart @navigation
Scenario: Open cart after adding a product      # src/test/resources/features/shop.feature:63
23:46:27.687 [TestNG-PoolService-4] INFO  hooks.Hooks - Starting browser...
23:46:27.732 [TestNG-PoolService-4] INFO  io.github.bonigarcia.wdm.WebDriverManager - Using chromedriver 153.0.8010.52 (resolved driver for Chrome 153)
23:46:27.754 [TestNG-PoolService-4] INFO  io.github.bonigarcia.wdm.WebDriverManager - Exporting webdriver.chrome.driver as C:\Users\deepi\.cache\selenium\chromedriver\win64\153.0.8010.52\chromedriver.exe
23:46:28.045 [TestNG-PoolService-2] INFO  hooks.Hooks - Browser started successfully.
23:46:28.046 [TestNG-PoolService-2] INFO  stepDefinitions.LoginSteps - Navigating to login page.
23:46:28.046 [TestNG-PoolService-2] INFO  stepDefinitions.LoginSteps - Navigating to qa environment URL: https://rahulshettyacademy.com/loginpagePractise/
23:46:28.523 [TestNG-PoolService-3] INFO  stepDefinitions.LoginSteps - Shop page displayed successfully.
  Then User should see the Shop page                       # stepDefinitions.LoginSteps.user_should_see_the_shop_page()
23:46:28.525 [TestNG-PoolService-3] INFO  stepDefinitions.ShopSteps - Verifying product prices are displayed.
23:46:28.551 [TestNG-PoolService-4] INFO  hooks.Hooks - Browser started successfully.
23:46:28.553 [TestNG-PoolService-4] INFO  stepDefinitions.LoginSteps - Navigating to login page.
23:46:28.553 [TestNG-PoolService-4] INFO  stepDefinitions.LoginSteps - Navigating to qa environment URL: https://rahulshettyacademy.com/loginpagePractise/
23:46:28.583 [TestNG-PoolService-3] INFO  stepDefinitions.ShopSteps - Product price found: $24.99
23:46:28.599 [TestNG-PoolService-3] INFO  stepDefinitions.ShopSteps - Product price found: $24.99
23:46:28.613 [TestNG-PoolService-3] INFO  stepDefinitions.ShopSteps - Product price found: $24.99
23:46:28.626 [TestNG-PoolService-3] INFO  stepDefinitions.ShopSteps - Product price found: $24.99
23:46:28.627 [TestNG-PoolService-3] INFO  stepDefinitions.ShopSteps - All 4 product prices are displayed successfully.
  And Shop page should display product prices              # stepDefinitions.ShopSteps.shop_page_should_display_product_prices()
23:46:28.627 [TestNG-PoolService-3] INFO  hooks.Hooks - Closing browser...
23:46:28.853 [TestNG-PoolService-3] INFO  hooks.Hooks - Browser cleanup completed.
]]></system-out>
  </testcase>
  <testcase name="runScenario[&quot;Add a single product to the cart&quot;, &quot;Shop functionality&quot;](15)" classname="cucumberOptions.TestRunner" time="1.228">
    <system-out><![CDATA[
@regression @shop @cart @validation
Scenario: Verify number of products in cart          # src/test/resources/features/shop.feature:73
23:46:28.863 [TestNG-PoolService-3] INFO  hooks.Hooks - Starting browser...
23:46:28.883 [TestNG-PoolService-3] INFO  io.github.bonigarcia.wdm.WebDriverManager - Using chromedriver 153.0.8010.52 (resolved driver for Chrome 153)
23:46:28.903 [TestNG-PoolService-3] INFO  io.github.bonigarcia.wdm.WebDriverManager - Exporting webdriver.chrome.driver as C:\Users\deepi\.cache\selenium\chromedriver\win64\153.0.8010.52\chromedriver.exe
23:46:29.542 [TestNG-PoolService-3] INFO  hooks.Hooks - Browser started successfully.
23:46:29.544 [TestNG-PoolService-3] INFO  stepDefinitions.LoginSteps - Navigating to login page.
23:46:29.545 [TestNG-PoolService-3] INFO  stepDefinitions.LoginSteps - Navigating to qa environment URL: https://rahulshettyacademy.com/loginpagePractise/
23:46:29.592 [TestNG-PoolService-1] INFO  stepDefinitions.LoginSteps - Shop page displayed successfully.
  Then User should see the Shop page            # stepDefinitions.LoginSteps.user_should_see_the_shop_page()
23:46:29.593 [TestNG-PoolService-1] INFO  stepDefinitions.ShopSteps - Adding product to cart: iphone X
23:46:29.798 [TestNG-PoolService-1] INFO  stepDefinitions.ShopSteps - Product added to cart: iphone X
  When User adds product "iphone X" to the cart # stepDefinitions.ShopSteps.user_adds_product_to_the_cart(java.lang.String)
23:46:29.800 [TestNG-PoolService-1] INFO  stepDefinitions.ShopSteps - Verifying cart count. Expected: 1
23:46:29.852 [TestNG-PoolService-1] INFO  stepDefinitions.ShopSteps - Actual cart count: 1
23:46:29.852 [TestNG-PoolService-1] INFO  stepDefinitions.ShopSteps - Cart count verified successfully.
  Then Cart count should be "1"                 # stepDefinitions.ShopSteps.cart_count_should_be(java.lang.String)
23:46:29.853 [TestNG-PoolService-1] INFO  hooks.Hooks - Closing browser...
23:46:30.082 [TestNG-PoolService-1] INFO  hooks.Hooks - Browser cleanup completed.
]]></system-out>
  </testcase>
  <testcase name="runScenario[&quot;Add two products to the cart&quot;, &quot;Shop functionality&quot;](16)" classname="cucumberOptions.TestRunner" time="2.0">
    <system-out><![CDATA[
@regression @shop @cart @negative
Scenario: Remove a product from the cart             # src/test/resources/features/shop.feature:84
23:46:30.090 [TestNG-PoolService-1] INFO  hooks.Hooks - Starting browser...
23:46:30.113 [TestNG-PoolService-1] INFO  io.github.bonigarcia.wdm.WebDriverManager - Using chromedriver 153.0.8010.52 (resolved driver for Chrome 153)
23:46:30.113 [TestNG-PoolService-2] INFO  stepDefinitions.LoginSteps - Navigating to URL: https://rahulshettyacademy.com/loginpagePractise/
23:46:30.131 [TestNG-PoolService-1] INFO  io.github.bonigarcia.wdm.WebDriverManager - Exporting webdriver.chrome.driver as C:\Users\deepi\.cache\selenium\chromedriver\win64\153.0.8010.52\chromedriver.exe
23:46:30.512 [TestNG-PoolService-2] INFO  stepDefinitions.LoginSteps - Login page loaded successfully.
  Given User is on the Login Page                 # stepDefinitions.LoginSteps.user_is_on_the_login_page()
23:46:30.514 [TestNG-PoolService-2] INFO  stepDefinitions.LoginSteps - Test data key: validUser
23:46:30.514 [TestNG-PoolService-2] INFO  stepDefinitions.LoginSteps - Username entered: rahulshettyacademy
23:46:30.514 [TestNG-PoolService-2] INFO  stepDefinitions.LoginSteps - Password retrieved: true
23:46:30.735 [TestNG-PoolService-1] INFO  hooks.Hooks - Browser started successfully.
23:46:30.736 [TestNG-PoolService-1] INFO  stepDefinitions.LoginSteps - Navigating to login page.
23:46:30.736 [TestNG-PoolService-1] INFO  stepDefinitions.LoginSteps - Navigating to qa environment URL: https://rahulshettyacademy.com/loginpagePractise/
23:46:30.780 [TestNG-PoolService-4] INFO  stepDefinitions.LoginSteps - Navigating to URL: https://rahulshettyacademy.com/loginpagePractise/
  When User enters credentials for "validUser"    # stepDefinitions.LoginSteps.user_enters_credentials(java.lang.String)
23:46:30.929 [TestNG-PoolService-2] INFO  stepDefinitions.LoginSteps - Clicking login button.
23:46:31.158 [TestNG-PoolService-0] INFO  stepDefinitions.LoginSteps - Shop page displayed successfully.
  Then User should see the Shop page                 # stepDefinitions.LoginSteps.user_should_see_the_shop_page()
23:46:31.160 [TestNG-PoolService-0] INFO  stepDefinitions.ShopSteps - Adding product to cart: iphone X
  And User clicks on login button                 # stepDefinitions.LoginSteps.user_clicks_on_login_button()
23:46:31.166 [TestNG-PoolService-2] INFO  stepDefinitions.LoginSteps - Verifying Shop page is displayed.
23:46:31.199 [TestNG-PoolService-4] INFO  stepDefinitions.LoginSteps - Login page loaded successfully.
  Given User is on the Login Page               # stepDefinitions.LoginSteps.user_is_on_the_login_page()
23:46:31.200 [TestNG-PoolService-4] INFO  stepDefinitions.LoginSteps - Test data key: validUser
23:46:31.200 [TestNG-PoolService-4] INFO  stepDefinitions.LoginSteps - Username entered: rahulshettyacademy
23:46:31.200 [TestNG-PoolService-4] INFO  stepDefinitions.LoginSteps - Password retrieved: true
23:46:31.405 [TestNG-PoolService-0] INFO  stepDefinitions.ShopSteps - Product added to cart: iphone X
  When User adds product "iphone X" to the cart      # stepDefinitions.ShopSteps.user_adds_product_to_the_cart(java.lang.String)
23:46:31.407 [TestNG-PoolService-0] INFO  stepDefinitions.ShopSteps - Adding product to cart: Samsung Note 8
  When User enters credentials for "validUser"  # stepDefinitions.LoginSteps.user_enters_credentials(java.lang.String)
23:46:31.651 [TestNG-PoolService-4] INFO  stepDefinitions.LoginSteps - Clicking login button.
23:46:31.711 [TestNG-PoolService-0] INFO  stepDefinitions.ShopSteps - Product added to cart: Samsung Note 8
  And User adds product "Samsung Note 8" to the cart # stepDefinitions.ShopSteps.user_adds_product_to_the_cart(java.lang.String)
23:46:31.713 [TestNG-PoolService-0] INFO  stepDefinitions.ShopSteps - Verifying cart count. Expected: 2
23:46:31.773 [TestNG-PoolService-0] INFO  stepDefinitions.ShopSteps - Actual cart count: 2
23:46:31.773 [TestNG-PoolService-0] INFO  stepDefinitions.ShopSteps - Cart count verified successfully.
  Then Cart count should be "2"                      # stepDefinitions.ShopSteps.cart_count_should_be(java.lang.String)
23:46:31.774 [TestNG-PoolService-0] INFO  hooks.Hooks - Closing browser...
  And User clicks on login button               # stepDefinitions.LoginSteps.user_clicks_on_login_button()
23:46:31.975 [TestNG-PoolService-4] INFO  stepDefinitions.LoginSteps - Verifying Shop page is displayed.
23:46:32.064 [TestNG-PoolService-3] INFO  stepDefinitions.LoginSteps - Navigating to URL: https://rahulshettyacademy.com/loginpagePractise/
23:46:32.082 [TestNG-PoolService-0] INFO  hooks.Hooks - Browser cleanup completed.
]]></system-out>
  </testcase>
  <testcase name="runScenario[&quot;Open cart after adding a product&quot;, &quot;Shop functionality&quot;](17)" classname="cucumberOptions.TestRunner" time="5.716">
    <system-out><![CDATA[
@regression @shop @cart @validation
Scenario: Verify cart count after removing a product       # src/test/resources/features/shop.feature:96
23:46:32.093 [TestNG-PoolService-0] INFO  hooks.Hooks - Starting browser...
23:46:32.119 [TestNG-PoolService-0] INFO  io.github.bonigarcia.wdm.WebDriverManager - Using chromedriver 153.0.8010.52 (resolved driver for Chrome 153)
23:46:32.138 [TestNG-PoolService-0] INFO  io.github.bonigarcia.wdm.WebDriverManager - Exporting webdriver.chrome.driver as C:\Users\deepi\.cache\selenium\chromedriver\win64\153.0.8010.52\chromedriver.exe
23:46:32.617 [TestNG-PoolService-3] INFO  stepDefinitions.LoginSteps - Login page loaded successfully.
  Given User is on the Login Page                    # stepDefinitions.LoginSteps.user_is_on_the_login_page()
23:46:32.620 [TestNG-PoolService-3] INFO  stepDefinitions.LoginSteps - Test data key: validUser
23:46:32.620 [TestNG-PoolService-3] INFO  stepDefinitions.LoginSteps - Username entered: rahulshettyacademy
23:46:32.621 [TestNG-PoolService-3] INFO  stepDefinitions.LoginSteps - Password retrieved: true
23:46:32.804 [TestNG-PoolService-0] INFO  hooks.Hooks - Browser started successfully.
23:46:32.804 [TestNG-PoolService-0] INFO  stepDefinitions.LoginSteps - Navigating to login page.
23:46:32.806 [TestNG-PoolService-0] INFO  stepDefinitions.LoginSteps - Navigating to qa environment URL: https://rahulshettyacademy.com/loginpagePractise/
23:46:32.813 [TestNG-PoolService-1] INFO  stepDefinitions.LoginSteps - Navigating to URL: https://rahulshettyacademy.com/loginpagePractise/
  When User enters credentials for "validUser"       # stepDefinitions.LoginSteps.user_enters_credentials(java.lang.String)
23:46:33.109 [TestNG-PoolService-3] INFO  stepDefinitions.LoginSteps - Clicking login button.
23:46:33.191 [TestNG-PoolService-1] INFO  stepDefinitions.LoginSteps - Login page loaded successfully.
  Given User is on the Login Page                    # stepDefinitions.LoginSteps.user_is_on_the_login_page()
23:46:33.192 [TestNG-PoolService-1] INFO  stepDefinitions.LoginSteps - Test data key: validUser
23:46:33.193 [TestNG-PoolService-1] INFO  stepDefinitions.LoginSteps - Username entered: rahulshettyacademy
23:46:33.193 [TestNG-PoolService-1] INFO  stepDefinitions.LoginSteps - Password retrieved: true
  And User clicks on login button                    # stepDefinitions.LoginSteps.user_clicks_on_login_button()
23:46:33.376 [TestNG-PoolService-3] INFO  stepDefinitions.LoginSteps - Verifying Shop page is displayed.
  When User enters credentials for "validUser"       # stepDefinitions.LoginSteps.user_enters_credentials(java.lang.String)
23:46:33.583 [TestNG-PoolService-1] INFO  stepDefinitions.LoginSteps - Clicking login button.
  And User clicks on login button                    # stepDefinitions.LoginSteps.user_clicks_on_login_button()
23:46:33.861 [TestNG-PoolService-1] INFO  stepDefinitions.LoginSteps - Verifying Shop page is displayed.
23:46:35.175 [TestNG-PoolService-0] INFO  stepDefinitions.LoginSteps - Navigating to URL: https://rahulshettyacademy.com/loginpagePractise/
23:46:35.608 [TestNG-PoolService-0] INFO  stepDefinitions.LoginSteps - Login page loaded successfully.
  Given User is on the Login Page                          # stepDefinitions.LoginSteps.user_is_on_the_login_page()
23:46:35.609 [TestNG-PoolService-0] INFO  stepDefinitions.LoginSteps - Test data key: validUser
23:46:35.609 [TestNG-PoolService-0] INFO  stepDefinitions.LoginSteps - Username entered: rahulshettyacademy
23:46:35.609 [TestNG-PoolService-0] INFO  stepDefinitions.LoginSteps - Password retrieved: true
  When User enters credentials for "validUser"             # stepDefinitions.LoginSteps.user_enters_credentials(java.lang.String)
23:46:36.019 [TestNG-PoolService-0] INFO  stepDefinitions.LoginSteps - Clicking login button.
  And User clicks on login button                          # stepDefinitions.LoginSteps.user_clicks_on_login_button()
23:46:36.209 [TestNG-PoolService-0] INFO  stepDefinitions.LoginSteps - Verifying Shop page is displayed.
23:46:36.851 [TestNG-PoolService-4] INFO  stepDefinitions.LoginSteps - Shop page displayed successfully.
  Then User should see the Shop page            # stepDefinitions.LoginSteps.user_should_see_the_shop_page()
23:46:36.853 [TestNG-PoolService-4] INFO  stepDefinitions.ShopSteps - Adding product to cart: iphone X
23:46:37.128 [TestNG-PoolService-4] INFO  stepDefinitions.ShopSteps - Product added to cart: iphone X
  When User adds product "iphone X" to the cart # stepDefinitions.ShopSteps.user_adds_product_to_the_cart(java.lang.String)
23:46:37.131 [TestNG-PoolService-4] INFO  stepDefinitions.ShopSteps - Opening cart.
23:46:37.361 [TestNG-PoolService-4] INFO  stepDefinitions.ShopSteps - Cart opened successfully.
  And User opens the cart                       # stepDefinitions.ShopSteps.user_opens_the_cart()
23:46:37.363 [TestNG-PoolService-4] INFO  stepDefinitions.ShopSteps - Verifying Cart page is displayed.
23:46:37.413 [TestNG-PoolService-4] INFO  stepDefinitions.ShopSteps - Cart page displayed successfully.
  Then Cart page should be displayed            # stepDefinitions.ShopSteps.cart_page_should_be_displayed()
23:46:37.421 [TestNG-PoolService-4] INFO  hooks.Hooks - Closing browser...
23:46:37.799 [TestNG-PoolService-4] INFO  hooks.Hooks - Browser cleanup completed.
]]></system-out>
  </testcase>
  <testcase name="runScenario[&quot;Verify cart count after adding products&quot;, &quot;Shop functionality&quot;](18)" classname="cucumberOptions.TestRunner" time="0.769">
    <system-out><![CDATA[
@regression @shop @cart @validation
Scenario: Verify total price of products in cart     # src/test/resources/features/shop.feature:109
23:46:37.810 [TestNG-PoolService-4] INFO  hooks.Hooks - Starting browser...
23:46:37.837 [TestNG-PoolService-4] INFO  io.github.bonigarcia.wdm.WebDriverManager - Using chromedriver 153.0.8010.52 (resolved driver for Chrome 153)
23:46:37.854 [TestNG-PoolService-4] INFO  io.github.bonigarcia.wdm.WebDriverManager - Exporting webdriver.chrome.driver as C:\Users\deepi\.cache\selenium\chromedriver\win64\153.0.8010.52\chromedriver.exe
23:46:37.867 [TestNG-PoolService-2] INFO  stepDefinitions.LoginSteps - Shop page displayed successfully.
  Then User should see the Shop page              # stepDefinitions.LoginSteps.user_should_see_the_shop_page()
23:46:37.869 [TestNG-PoolService-2] INFO  stepDefinitions.ShopSteps - Adding product to cart: iphone X
23:46:38.121 [TestNG-PoolService-2] INFO  stepDefinitions.ShopSteps - Product added to cart: iphone X
  When User adds product "iphone X" to the cart   # stepDefinitions.ShopSteps.user_adds_product_to_the_cart(java.lang.String)
23:46:38.123 [TestNG-PoolService-2] INFO  stepDefinitions.ShopSteps - Verifying cart count. Expected: 1
23:46:38.180 [TestNG-PoolService-2] INFO  stepDefinitions.ShopSteps - Actual cart count: 1
23:46:38.181 [TestNG-PoolService-2] INFO  stepDefinitions.ShopSteps - Cart count verified successfully.
  Then Cart count should be "1"                   # stepDefinitions.ShopSteps.cart_count_should_be(java.lang.String)
23:46:38.182 [TestNG-PoolService-2] INFO  hooks.Hooks - Closing browser...
23:46:38.280 [TestNG-PoolService-3] INFO  stepDefinitions.LoginSteps - Shop page displayed successfully.
  Then User should see the Shop page                 # stepDefinitions.LoginSteps.user_should_see_the_shop_page()
23:46:38.282 [TestNG-PoolService-3] INFO  stepDefinitions.ShopSteps - Adding product to cart: iphone X
23:46:38.427 [TestNG-PoolService-1] INFO  stepDefinitions.LoginSteps - Shop page displayed successfully.
  Then User should see the Shop page                 # stepDefinitions.LoginSteps.user_should_see_the_shop_page()
23:46:38.429 [TestNG-PoolService-1] INFO  stepDefinitions.ShopSteps - Adding product to cart: iphone X
23:46:38.534 [TestNG-PoolService-3] INFO  stepDefinitions.ShopSteps - Product added to cart: iphone X
  When User adds product "iphone X" to the cart      # stepDefinitions.ShopSteps.user_adds_product_to_the_cart(java.lang.String)
23:46:38.535 [TestNG-PoolService-3] INFO  stepDefinitions.ShopSteps - Adding product to cart: Samsung Note 8
23:46:38.571 [TestNG-PoolService-2] INFO  hooks.Hooks - Browser cleanup completed.
]]></system-out>
  </testcase>
  <testcase name="runScenario[&quot;Verify number of products in cart&quot;, &quot;Shop functionality&quot;](19)" classname="cucumberOptions.TestRunner" time="0.796">
    <system-out><![CDATA[
@regression @shop @cart @navigation
Scenario: Continue shopping from cart           # src/test/resources/features/shop.feature:120
23:46:38.581 [TestNG-PoolService-2] INFO  hooks.Hooks - Starting browser...
23:46:38.612 [TestNG-PoolService-2] INFO  io.github.bonigarcia.wdm.WebDriverManager - Using chromedriver 153.0.8010.52 (resolved driver for Chrome 153)
23:46:38.617 [TestNG-PoolService-4] INFO  hooks.Hooks - Browser started successfully.
23:46:38.619 [TestNG-PoolService-4] INFO  stepDefinitions.LoginSteps - Navigating to login page.
23:46:38.619 [TestNG-PoolService-4] INFO  stepDefinitions.LoginSteps - Navigating to qa environment URL: https://rahulshettyacademy.com/loginpagePractise/
23:46:38.628 [TestNG-PoolService-2] INFO  io.github.bonigarcia.wdm.WebDriverManager - Exporting webdriver.chrome.driver as C:\Users\deepi\.cache\selenium\chromedriver\win64\153.0.8010.52\chromedriver.exe
23:46:38.674 [TestNG-PoolService-1] INFO  stepDefinitions.ShopSteps - Product added to cart: iphone X
  When User adds product "iphone X" to the cart      # stepDefinitions.ShopSteps.user_adds_product_to_the_cart(java.lang.String)
23:46:38.675 [TestNG-PoolService-1] INFO  stepDefinitions.ShopSteps - Adding product to cart: Samsung Note 8
23:46:38.747 [TestNG-PoolService-3] INFO  stepDefinitions.ShopSteps - Product added to cart: Samsung Note 8
  And User adds product "Samsung Note 8" to the cart # stepDefinitions.ShopSteps.user_adds_product_to_the_cart(java.lang.String)
23:46:38.749 [TestNG-PoolService-3] INFO  stepDefinitions.ShopSteps - Opening cart.
23:46:38.878 [TestNG-PoolService-1] INFO  stepDefinitions.ShopSteps - Product added to cart: Samsung Note 8
  And User adds product "Samsung Note 8" to the cart # stepDefinitions.ShopSteps.user_adds_product_to_the_cart(java.lang.String)
23:46:38.879 [TestNG-PoolService-1] INFO  stepDefinitions.ShopSteps - Opening cart.
23:46:38.935 [TestNG-PoolService-3] INFO  stepDefinitions.ShopSteps - Cart opened successfully.
  And User opens the cart                            # stepDefinitions.ShopSteps.user_opens_the_cart()
23:46:38.937 [TestNG-PoolService-3] INFO  stepDefinitions.ShopSteps - Verifying number of products in cart. Expected: 2
23:46:39.051 [TestNG-PoolService-3] INFO  stepDefinitions.ShopSteps - Actual cart product count: 2
23:46:39.051 [TestNG-PoolService-3] INFO  stepDefinitions.ShopSteps - Cart product count verified successfully.
  Then Cart should contain "2" products              # stepDefinitions.ShopSteps.cart_should_contain_products(java.lang.String)
23:46:39.052 [TestNG-PoolService-3] INFO  hooks.Hooks - Closing browser...
23:46:39.114 [TestNG-PoolService-1] INFO  stepDefinitions.ShopSteps - Cart opened successfully.
  And User opens the cart                            # stepDefinitions.ShopSteps.user_opens_the_cart()
23:46:39.116 [TestNG-PoolService-1] INFO  stepDefinitions.ShopSteps - Removing product from cart: iphone X
23:46:39.356 [TestNG-PoolService-2] INFO  hooks.Hooks - Browser started successfully.
23:46:39.357 [TestNG-PoolService-2] INFO  stepDefinitions.LoginSteps - Navigating to login page.
23:46:39.357 [TestNG-PoolService-2] INFO  stepDefinitions.LoginSteps - Navigating to qa environment URL: https://rahulshettyacademy.com/loginpagePractise/
23:46:39.367 [TestNG-PoolService-3] INFO  hooks.Hooks - Browser cleanup completed.
]]></system-out>
  </testcase>
  <testcase name="runScenario[&quot;Remove a product from the cart&quot;, &quot;Shop functionality&quot;](20)" classname="cucumberOptions.TestRunner" time="0.377">
    <system-out><![CDATA[
@regression @shop @cart @checkout
Scenario: Proceed to checkout from cart         # src/test/resources/features/shop.feature:131
23:46:39.374 [TestNG-PoolService-3] INFO  hooks.Hooks - Starting browser...
23:46:39.394 [TestNG-PoolService-1] INFO  stepDefinitions.ShopSteps - Product removed from cart: iphone X
  When User removes product "iphone X" from the cart # stepDefinitions.ShopSteps.user_removes_product_from_the_cart(java.lang.String)
23:46:39.395 [TestNG-PoolService-1] INFO  stepDefinitions.ShopSteps - Verifying cart product count after removal. Expected: 1
23:46:39.398 [TestNG-PoolService-3] INFO  io.github.bonigarcia.wdm.WebDriverManager - Using chromedriver 153.0.8010.52 (resolved driver for Chrome 153)
23:46:39.413 [TestNG-PoolService-3] INFO  io.github.bonigarcia.wdm.WebDriverManager - Exporting webdriver.chrome.driver as C:\Users\deepi\.cache\selenium\chromedriver\win64\153.0.8010.52\chromedriver.exe
23:46:39.452 [TestNG-PoolService-1] INFO  stepDefinitions.ShopSteps - Actual cart product count: 1
23:46:39.452 [TestNG-PoolService-1] INFO  stepDefinitions.ShopSteps - Cart product count verified successfully.
  Then Cart should contain "1" product               # stepDefinitions.ShopSteps.cart_should_contain_product_count(java.lang.String)
23:46:39.453 [TestNG-PoolService-1] INFO  hooks.Hooks - Closing browser...
23:46:39.746 [TestNG-PoolService-1] INFO  hooks.Hooks - Browser cleanup completed.
]]></system-out>
  </testcase>
  <testcase name="runScenario[&quot;Verify cart count after removing a product&quot;, &quot;Shop functionality&quot;](21)" classname="cucumberOptions.TestRunner" time="2.447">
    <system-out><![CDATA[
@regression @checkout @validation
Scenario: Verify checkout section elements              # src/test/resources/features/shop.feature:142
23:46:39.753 [TestNG-PoolService-1] INFO  hooks.Hooks - Starting browser...
23:46:39.789 [TestNG-PoolService-1] INFO  io.github.bonigarcia.wdm.WebDriverManager - Using chromedriver 153.0.8010.52 (resolved driver for Chrome 153)
23:46:39.803 [TestNG-PoolService-1] INFO  io.github.bonigarcia.wdm.WebDriverManager - Exporting webdriver.chrome.driver as C:\Users\deepi\.cache\selenium\chromedriver\win64\153.0.8010.52\chromedriver.exe
23:46:40.047 [TestNG-PoolService-3] INFO  hooks.Hooks - Browser started successfully.
23:46:40.048 [TestNG-PoolService-3] INFO  stepDefinitions.LoginSteps - Navigating to login page.
23:46:40.049 [TestNG-PoolService-3] INFO  stepDefinitions.LoginSteps - Navigating to qa environment URL: https://rahulshettyacademy.com/loginpagePractise/
23:46:40.613 [TestNG-PoolService-1] INFO  hooks.Hooks - Browser started successfully.
23:46:40.614 [TestNG-PoolService-1] INFO  stepDefinitions.LoginSteps - Navigating to login page.
23:46:40.615 [TestNG-PoolService-1] INFO  stepDefinitions.LoginSteps - Navigating to qa environment URL: https://rahulshettyacademy.com/loginpagePractise/
23:46:40.760 [TestNG-PoolService-0] INFO  stepDefinitions.LoginSteps - Shop page displayed successfully.
  Then User should see the Shop page                       # stepDefinitions.LoginSteps.user_should_see_the_shop_page()
23:46:40.762 [TestNG-PoolService-0] INFO  stepDefinitions.ShopSteps - Adding product to cart: iphone X
23:46:40.976 [TestNG-PoolService-0] INFO  stepDefinitions.ShopSteps - Product added to cart: iphone X
  When User adds product "iphone X" to the cart            # stepDefinitions.ShopSteps.user_adds_product_to_the_cart(java.lang.String)
23:46:40.977 [TestNG-PoolService-0] INFO  stepDefinitions.ShopSteps - Adding product to cart: Samsung Note 8
23:46:41.198 [TestNG-PoolService-0] INFO  stepDefinitions.ShopSteps - Product added to cart: Samsung Note 8
  And User adds product "Samsung Note 8" to the cart       # stepDefinitions.ShopSteps.user_adds_product_to_the_cart(java.lang.String)
23:46:41.199 [TestNG-PoolService-0] INFO  stepDefinitions.ShopSteps - Opening cart.
23:46:41.404 [TestNG-PoolService-4] INFO  stepDefinitions.LoginSteps - Navigating to URL: https://rahulshettyacademy.com/loginpagePractise/
23:46:41.422 [TestNG-PoolService-0] INFO  stepDefinitions.ShopSteps - Cart opened successfully.
  And User opens the cart                                  # stepDefinitions.ShopSteps.user_opens_the_cart()
23:46:41.423 [TestNG-PoolService-0] INFO  stepDefinitions.ShopSteps - Removing product from cart: Samsung Note 8
23:46:41.607 [TestNG-PoolService-2] INFO  stepDefinitions.LoginSteps - Navigating to URL: https://rahulshettyacademy.com/loginpagePractise/
23:46:41.737 [TestNG-PoolService-0] INFO  stepDefinitions.ShopSteps - Product removed from cart: Samsung Note 8
  When User removes product "Samsung Note 8" from the cart # stepDefinitions.ShopSteps.user_removes_product_from_the_cart(java.lang.String)
23:46:41.739 [TestNG-PoolService-0] INFO  stepDefinitions.ShopSteps - Verifying cart product count after removal. Expected: 1
23:46:41.805 [TestNG-PoolService-0] INFO  stepDefinitions.ShopSteps - Actual cart product count: 1
23:46:41.806 [TestNG-PoolService-0] INFO  stepDefinitions.ShopSteps - Cart product count verified successfully.
  Then Cart should contain "1" product                     # stepDefinitions.ShopSteps.cart_should_contain_product_count(java.lang.String)
23:46:41.807 [TestNG-PoolService-0] INFO  stepDefinitions.ShopSteps - Verifying product in cart: iphone X
23:46:41.900 [TestNG-PoolService-0] INFO  stepDefinitions.ShopSteps - Product found in cart: iphone X
  And Cart should contain product "iphone X"               # stepDefinitions.ShopSteps.cart_should_contain_product(java.lang.String)
23:46:41.902 [TestNG-PoolService-0] INFO  hooks.Hooks - Closing browser...
23:46:41.947 [TestNG-PoolService-4] INFO  stepDefinitions.LoginSteps - Login page loaded successfully.
  Given User is on the Login Page                    # stepDefinitions.LoginSteps.user_is_on_the_login_page()
23:46:41.948 [TestNG-PoolService-4] INFO  stepDefinitions.LoginSteps - Test data key: validUser
23:46:41.949 [TestNG-PoolService-4] INFO  stepDefinitions.LoginSteps - Username entered: rahulshettyacademy
23:46:41.949 [TestNG-PoolService-4] INFO  stepDefinitions.LoginSteps - Password retrieved: true
23:46:41.953 [TestNG-PoolService-2] INFO  stepDefinitions.LoginSteps - Login page loaded successfully.
  Given User is on the Login Page               # stepDefinitions.LoginSteps.user_is_on_the_login_page()
23:46:41.954 [TestNG-PoolService-2] INFO  stepDefinitions.LoginSteps - Test data key: validUser
23:46:41.955 [TestNG-PoolService-2] INFO  stepDefinitions.LoginSteps - Username entered: rahulshettyacademy
23:46:41.955 [TestNG-PoolService-2] INFO  stepDefinitions.LoginSteps - Password retrieved: true
23:46:42.194 [TestNG-PoolService-0] INFO  hooks.Hooks - Browser cleanup completed.
]]></system-out>
  </testcase>
  <testcase name="runScenario[&quot;Continue shopping from cart&quot;, &quot;Shop functionality&quot;](22)" classname="cucumberOptions.TestRunner" time="6.24">
    <system-out><![CDATA[
@regression @checkout @positive
Scenario: Enter delivery location during checkout    # src/test/resources/features/shop.feature:158
23:46:42.201 [TestNG-PoolService-0] INFO  hooks.Hooks - Starting browser...
23:46:42.227 [TestNG-PoolService-0] INFO  io.github.bonigarcia.wdm.WebDriverManager - Using chromedriver 153.0.8010.52 (resolved driver for Chrome 153)
23:46:42.242 [TestNG-PoolService-0] INFO  io.github.bonigarcia.wdm.WebDriverManager - Exporting webdriver.chrome.driver as C:\Users\deepi\.cache\selenium\chromedriver\win64\153.0.8010.52\chromedriver.exe
  When User enters credentials for "validUser"  # stepDefinitions.LoginSteps.user_enters_credentials(java.lang.String)
23:46:42.303 [TestNG-PoolService-2] INFO  stepDefinitions.LoginSteps - Clicking login button.
  When User enters credentials for "validUser"       # stepDefinitions.LoginSteps.user_enters_credentials(java.lang.String)
23:46:42.368 [TestNG-PoolService-4] INFO  stepDefinitions.LoginSteps - Clicking login button.
  And User clicks on login button               # stepDefinitions.LoginSteps.user_clicks_on_login_button()
23:46:42.544 [TestNG-PoolService-2] INFO  stepDefinitions.LoginSteps - Verifying Shop page is displayed.
23:46:42.647 [TestNG-PoolService-3] INFO  stepDefinitions.LoginSteps - Navigating to URL: https://rahulshettyacademy.com/loginpagePractise/
  And User clicks on login button                    # stepDefinitions.LoginSteps.user_clicks_on_login_button()
23:46:42.668 [TestNG-PoolService-4] INFO  stepDefinitions.LoginSteps - Verifying Shop page is displayed.
23:46:42.856 [TestNG-PoolService-1] INFO  stepDefinitions.LoginSteps - Navigating to URL: https://rahulshettyacademy.com/loginpagePractise/
23:46:42.908 [TestNG-PoolService-0] INFO  hooks.Hooks - Browser started successfully.
23:46:42.910 [TestNG-PoolService-0] INFO  stepDefinitions.LoginSteps - Navigating to login page.
23:46:42.910 [TestNG-PoolService-0] INFO  stepDefinitions.LoginSteps - Navigating to qa environment URL: https://rahulshettyacademy.com/loginpagePractise/
23:46:43.197 [TestNG-PoolService-3] INFO  stepDefinitions.LoginSteps - Login page loaded successfully.
  Given User is on the Login Page               # stepDefinitions.LoginSteps.user_is_on_the_login_page()
23:46:43.199 [TestNG-PoolService-3] INFO  stepDefinitions.LoginSteps - Test data key: validUser
23:46:43.200 [TestNG-PoolService-3] INFO  stepDefinitions.LoginSteps - Username entered: rahulshettyacademy
23:46:43.200 [TestNG-PoolService-3] INFO  stepDefinitions.LoginSteps - Password retrieved: true
23:46:43.308 [TestNG-PoolService-1] INFO  stepDefinitions.LoginSteps - Login page loaded successfully.
  Given User is on the Login Page                       # stepDefinitions.LoginSteps.user_is_on_the_login_page()
23:46:43.309 [TestNG-PoolService-1] INFO  stepDefinitions.LoginSteps - Test data key: validUser
23:46:43.309 [TestNG-PoolService-1] INFO  stepDefinitions.LoginSteps - Username entered: rahulshettyacademy
23:46:43.310 [TestNG-PoolService-1] INFO  stepDefinitions.LoginSteps - Password retrieved: true
  When User enters credentials for "validUser"  # stepDefinitions.LoginSteps.user_enters_credentials(java.lang.String)
23:46:43.742 [TestNG-PoolService-3] INFO  stepDefinitions.LoginSteps - Clicking login button.
  When User enters credentials for "validUser"          # stepDefinitions.LoginSteps.user_enters_credentials(java.lang.String)
23:46:43.796 [TestNG-PoolService-1] INFO  stepDefinitions.LoginSteps - Clicking login button.
  And User clicks on login button               # stepDefinitions.LoginSteps.user_clicks_on_login_button()
23:46:44.039 [TestNG-PoolService-3] INFO  stepDefinitions.LoginSteps - Verifying Shop page is displayed.
  And User clicks on login button                       # stepDefinitions.LoginSteps.user_clicks_on_login_button()
23:46:44.092 [TestNG-PoolService-1] INFO  stepDefinitions.LoginSteps - Verifying Shop page is displayed.
23:46:45.149 [TestNG-PoolService-0] INFO  stepDefinitions.LoginSteps - Navigating to URL: https://rahulshettyacademy.com/loginpagePractise/
23:46:45.679 [TestNG-PoolService-0] INFO  stepDefinitions.LoginSteps - Login page loaded successfully.
  Given User is on the Login Page                    # stepDefinitions.LoginSteps.user_is_on_the_login_page()
23:46:45.681 [TestNG-PoolService-0] INFO  stepDefinitions.LoginSteps - Test data key: validUser
23:46:45.681 [TestNG-PoolService-0] INFO  stepDefinitions.LoginSteps - Username entered: rahulshettyacademy
23:46:45.681 [TestNG-PoolService-0] INFO  stepDefinitions.LoginSteps - Password retrieved: true
  When User enters credentials for "validUser"       # stepDefinitions.LoginSteps.user_enters_credentials(java.lang.String)
23:46:46.210 [TestNG-PoolService-0] INFO  stepDefinitions.LoginSteps - Clicking login button.
  And User clicks on login button                    # stepDefinitions.LoginSteps.user_clicks_on_login_button()
23:46:46.437 [TestNG-PoolService-0] INFO  stepDefinitions.LoginSteps - Verifying Shop page is displayed.
23:46:47.426 [TestNG-PoolService-2] INFO  stepDefinitions.LoginSteps - Shop page displayed successfully.
  Then User should see the Shop page            # stepDefinitions.LoginSteps.user_should_see_the_shop_page()
23:46:47.427 [TestNG-PoolService-2] INFO  stepDefinitions.ShopSteps - Adding product to cart: iphone X
23:46:47.496 [TestNG-PoolService-4] INFO  stepDefinitions.LoginSteps - Shop page displayed successfully.
  Then User should see the Shop page                 # stepDefinitions.LoginSteps.user_should_see_the_shop_page()
23:46:47.498 [TestNG-PoolService-4] INFO  stepDefinitions.ShopSteps - Adding product to cart: iphone X
23:46:47.661 [TestNG-PoolService-2] INFO  stepDefinitions.ShopSteps - Product added to cart: iphone X
  When User adds product "iphone X" to the cart # stepDefinitions.ShopSteps.user_adds_product_to_the_cart(java.lang.String)
23:46:47.663 [TestNG-PoolService-2] INFO  stepDefinitions.ShopSteps - Opening cart.
23:46:47.720 [TestNG-PoolService-4] INFO  stepDefinitions.ShopSteps - Product added to cart: iphone X
  When User adds product "iphone X" to the cart      # stepDefinitions.ShopSteps.user_adds_product_to_the_cart(java.lang.String)
23:46:47.723 [TestNG-PoolService-4] INFO  stepDefinitions.ShopSteps - Adding product to cart: Samsung Note 8
23:46:47.876 [TestNG-PoolService-2] INFO  stepDefinitions.ShopSteps - Cart opened successfully.
  And User opens the cart                       # stepDefinitions.ShopSteps.user_opens_the_cart()
23:46:47.877 [TestNG-PoolService-2] INFO  stepDefinitions.ShopSteps - Clicking Continue Shopping.
23:46:47.965 [TestNG-PoolService-4] INFO  stepDefinitions.ShopSteps - Product added to cart: Samsung Note 8
  And User adds product "Samsung Note 8" to the cart # stepDefinitions.ShopSteps.user_adds_product_to_the_cart(java.lang.String)
23:46:47.966 [TestNG-PoolService-4] INFO  stepDefinitions.ShopSteps - Opening cart.
23:46:48.073 [TestNG-PoolService-2] INFO  stepDefinitions.ShopSteps - Continue Shopping clicked successfully.
  When User clicks Continue Shopping            # stepDefinitions.ShopSteps.user_clicks_continue_shopping()
23:46:48.075 [TestNG-PoolService-2] INFO  stepDefinitions.ShopSteps - Verifying user returned to Shop page.
23:46:48.117 [TestNG-PoolService-2] INFO  stepDefinitions.ShopSteps - User returned to Shop page successfully.
[...]
23:47:42.933 [TestNG-PoolService-0] INFO  stepDefinitions.ShopSteps - Adding product to cart: Samsung Note 8
23:47:43.259 [TestNG-PoolService-0] INFO  stepDefinitions.ShopSteps - Product added to cart: Samsung Note 8
  And User adds product "Samsung Note 8" to the cart    # stepDefinitions.ShopSteps.user_adds_product_to_the_cart(java.lang.String)
23:47:43.260 [TestNG-PoolService-0] INFO  stepDefinitions.ShopSteps - Opening cart.
23:47:43.361 [TestNG-PoolService-3] INFO  hooks.Hooks - Browser cleanup completed.
]]></system-out>
  </testcase>
  <testcase name="runScenario[&quot;Checkout should preserve selected products&quot;, &quot;Shop functionality&quot;](46)" classname="cucumberOptions.TestRunner" time="3.816">
    <system-out><![CDATA[23:47:43.377 [TestNG-PoolService-4] INFO  stepDefinitions.LoginSteps - Login page loaded successfully.
  Given User is on the Login Page                                            # stepDefinitions.LoginSteps.user_is_on_the_login_page()
23:47:43.378 [TestNG-PoolService-4] INFO  stepDefinitions.LoginSteps - Test data key: validUser
23:47:43.379 [TestNG-PoolService-4] INFO  stepDefinitions.LoginSteps - Username entered: rahulshettyacademy
23:47:43.379 [TestNG-PoolService-4] INFO  stepDefinitions.LoginSteps - Password retrieved: true
23:47:43.533 [TestNG-PoolService-0] INFO  stepDefinitions.ShopSteps - Cart opened successfully.
  And User opens the cart                               # stepDefinitions.ShopSteps.user_opens_the_cart()
23:47:43.534 [TestNG-PoolService-0] INFO  stepDefinitions.ShopSteps - Verifying number of products in cart. Expected: 2
23:47:43.660 [TestNG-PoolService-0] INFO  stepDefinitions.ShopSteps - Actual cart product count: 2
23:47:43.660 [TestNG-PoolService-0] INFO  stepDefinitions.ShopSteps - Cart product count verified successfully.
  Then Cart should contain "2" products                 # stepDefinitions.ShopSteps.cart_should_contain_products(java.lang.String)
23:47:43.661 [TestNG-PoolService-0] INFO  stepDefinitions.ShopSteps - Clicking Checkout.
  When User enters credentials for "validUser"                               # stepDefinitions.LoginSteps.user_enters_credentials(java.lang.String)
23:47:43.964 [TestNG-PoolService-4] INFO  stepDefinitions.LoginSteps - Clicking login button.
23:47:43.992 [TestNG-PoolService-0] INFO  stepDefinitions.ShopSteps - Checkout clicked successfully.
  When User clicks Checkout                             # stepDefinitions.ShopSteps.user_clicks_checkout()
23:47:43.993 [TestNG-PoolService-0] INFO  stepDefinitions.ShopSteps - Verifying Checkout section is displayed.
  And User clicks on login button                                            # stepDefinitions.LoginSteps.user_clicks_on_login_button()
23:47:44.277 [TestNG-PoolService-4] INFO  stepDefinitions.LoginSteps - Verifying Shop page is displayed.
23:47:44.280 [TestNG-PoolService-0] INFO  stepDefinitions.ShopSteps - Checkout section displayed successfully.
  Then Checkout page should be displayed                # stepDefinitions.ShopSteps.checkout_page_should_be_displayed()
23:47:44.281 [TestNG-PoolService-0] INFO  stepDefinitions.ShopSteps - Entering delivery location: United States
23:47:44.568 [TestNG-PoolService-0] INFO  stepDefinitions.ShopSteps - Delivery location entered successfully: United States
  When User enters delivery location "United States"    # stepDefinitions.ShopSteps.user_enters_delivery_location(java.lang.String)
23:47:44.570 [TestNG-PoolService-0] INFO  stepDefinitions.ShopSteps - Selecting Terms and Conditions checkbox.
23:47:44.668 [TestNG-PoolService-1] INFO  stepDefinitions.LoginSteps - Navigating to URL: https://rahulshettyacademy.com/loginpagePractise/
23:47:44.756 [TestNG-PoolService-0] INFO  stepDefinitions.ShopSteps - Terms and Conditions checkbox selected.
  And User selects the terms and conditions checkbox    # stepDefinitions.ShopSteps.user_selects_terms_and_conditions_checkbox()
23:47:44.757 [TestNG-PoolService-0] INFO  stepDefinitions.ShopSteps - Verifying Terms and Conditions checkbox.
23:47:44.789 [TestNG-PoolService-0] INFO  stepDefinitions.ShopSteps - Terms and Conditions checkbox is selected.
  Then Terms and conditions checkbox should be selected # stepDefinitions.ShopSteps.terms_and_conditions_checkbox_should_be_selected()
23:47:44.790 [TestNG-PoolService-0] INFO  hooks.Hooks - Closing browser...
23:47:45.136 [TestNG-PoolService-0] INFO  hooks.Hooks - Browser cleanup completed.
]]></system-out>
  </testcase>
  <testcase name="runScenario[&quot;Change delivery location during checkout&quot;, &quot;Shop functionality&quot;](47)" classname="cucumberOptions.TestRunner" time="6.739">
    <system-out><![CDATA[23:47:45.145 [TestNG-PoolService-1] INFO  stepDefinitions.LoginSteps - Login page loaded successfully.
  Given User is on the Login Page                           # stepDefinitions.LoginSteps.user_is_on_the_login_page()
23:47:45.146 [TestNG-PoolService-1] INFO  stepDefinitions.LoginSteps - Test data key: validUser
23:47:45.146 [TestNG-PoolService-1] INFO  stepDefinitions.LoginSteps - Username entered: rahulshettyacademy
23:47:45.146 [TestNG-PoolService-1] INFO  stepDefinitions.LoginSteps - Password retrieved: true
  When User enters credentials for "validUser"              # stepDefinitions.LoginSteps.user_enters_credentials(java.lang.String)
23:47:45.557 [TestNG-PoolService-1] INFO  stepDefinitions.LoginSteps - Clicking login button.
  And User clicks on login button                           # stepDefinitions.LoginSteps.user_clicks_on_login_button()
23:47:45.739 [TestNG-PoolService-1] INFO  stepDefinitions.LoginSteps - Verifying Shop page is displayed.
23:47:46.554 [TestNG-PoolService-2] INFO  stepDefinitions.LoginSteps - Shop page displayed successfully.
  Then User should see the Shop page                 # stepDefinitions.LoginSteps.user_should_see_the_shop_page()
23:47:46.555 [TestNG-PoolService-2] INFO  stepDefinitions.ShopSteps - Adding product to cart: iphone X
23:47:46.776 [TestNG-PoolService-2] INFO  stepDefinitions.ShopSteps - Product added to cart: iphone X
  When User adds product "iphone X" to the cart      # stepDefinitions.ShopSteps.user_adds_product_to_the_cart(java.lang.String)
23:47:46.777 [TestNG-PoolService-2] INFO  stepDefinitions.ShopSteps - Opening cart.
23:47:46.937 [TestNG-PoolService-2] INFO  stepDefinitions.ShopSteps - Cart opened successfully.
  And User opens the cart                            # stepDefinitions.ShopSteps.user_opens_the_cart()
23:47:46.938 [TestNG-PoolService-2] INFO  stepDefinitions.ShopSteps - Clicking Checkout.
23:47:47.153 [TestNG-PoolService-2] INFO  stepDefinitions.ShopSteps - Checkout clicked successfully.
  When User clicks Checkout                          # stepDefinitions.ShopSteps.user_clicks_checkout()
23:47:47.154 [TestNG-PoolService-2] INFO  stepDefinitions.ShopSteps - Verifying Checkout section is displayed.
23:47:47.336 [TestNG-PoolService-2] INFO  stepDefinitions.ShopSteps - Checkout section displayed successfully.
  Then Checkout page should be displayed             # stepDefinitions.ShopSteps.checkout_page_should_be_displayed()
23:47:47.337 [TestNG-PoolService-2] INFO  stepDefinitions.ShopSteps - Entering delivery location: Canada
23:47:47.478 [TestNG-PoolService-2] INFO  stepDefinitions.ShopSteps - Delivery location entered successfully: Canada
  When User enters delivery location "Canada"        # stepDefinitions.ShopSteps.user_enters_delivery_location(java.lang.String)
23:47:47.486 [TestNG-PoolService-2] INFO  stepDefinitions.ShopSteps - Verifying delivery location. Expected: Canada
23:47:47.569 [TestNG-PoolService-2] INFO  stepDefinitions.ShopSteps - Actual delivery location: Canada
23:47:47.569 [TestNG-PoolService-2] INFO  stepDefinitions.ShopSteps - Delivery location verified successfully.
  Then Delivery location should be "Canada"          # stepDefinitions.ShopSteps.delivery_location_should_be(java.lang.String)
23:47:47.570 [TestNG-PoolService-2] INFO  stepDefinitions.ShopSteps - Entering delivery location: United States
23:47:47.729 [TestNG-PoolService-2] INFO  stepDefinitions.ShopSteps - Delivery location entered successfully: United States
  When User enters delivery location "United States" # stepDefinitions.ShopSteps.user_enters_delivery_location(java.lang.String)
23:47:47.729 [TestNG-PoolService-2] INFO  stepDefinitions.ShopSteps - Verifying delivery location. Expected: United States
23:47:47.775 [TestNG-PoolService-2] INFO  stepDefinitions.ShopSteps - Actual delivery location: United States
23:47:47.775 [TestNG-PoolService-2] INFO  stepDefinitions.ShopSteps - Delivery location verified successfully.
  Then Delivery location should be "United States"   # stepDefinitions.ShopSteps.delivery_location_should_be(java.lang.String)
23:47:47.776 [TestNG-PoolService-2] INFO  hooks.Hooks - Closing browser...
23:47:48.060 [TestNG-PoolService-2] INFO  hooks.Hooks - Browser cleanup completed.
]]></system-out>
  </testcase>
  <testcase name="runScenario[&quot;Purchase button remains available after changing delivery location&quot;, &quot;Shop functionality&quot;](48)" classname="cucumberOptions.TestRunner" time="10.181">
    <system-out><![CDATA[23:47:48.828 [TestNG-PoolService-4] INFO  stepDefinitions.LoginSteps - Shop page displayed successfully.
  Then User should see the Shop page                                         # stepDefinitions.LoginSteps.user_should_see_the_shop_page()
23:47:48.829 [TestNG-PoolService-4] INFO  stepDefinitions.ShopSteps - Adding product to cart: iphone X
23:47:48.988 [TestNG-PoolService-4] INFO  stepDefinitions.ShopSteps - Product added to cart: iphone X
  When User adds product "iphone X" to the cart                              # stepDefinitions.ShopSteps.user_adds_product_to_the_cart(java.lang.String)
23:47:48.989 [TestNG-PoolService-4] INFO  stepDefinitions.ShopSteps - Opening cart.
23:47:49.116 [TestNG-PoolService-4] INFO  stepDefinitions.ShopSteps - Cart opened successfully.
  And User opens the cart                                                    # stepDefinitions.ShopSteps.user_opens_the_cart()
23:47:49.117 [TestNG-PoolService-4] INFO  stepDefinitions.ShopSteps - Clicking Checkout.
23:47:49.332 [TestNG-PoolService-4] INFO  stepDefinitions.ShopSteps - Checkout clicked successfully.
  When User clicks Checkout                                                  # stepDefinitions.ShopSteps.user_clicks_checkout()
23:47:49.332 [TestNG-PoolService-4] INFO  stepDefinitions.ShopSteps - Verifying Checkout section is displayed.
23:47:49.522 [TestNG-PoolService-4] INFO  stepDefinitions.ShopSteps - Checkout section displayed successfully.
  Then Checkout page should be displayed                                     # stepDefinitions.ShopSteps.checkout_page_should_be_displayed()
23:47:49.523 [TestNG-PoolService-4] INFO  stepDefinitions.ShopSteps - Entering delivery location: Canada
23:47:49.664 [TestNG-PoolService-4] INFO  stepDefinitions.ShopSteps - Delivery location entered successfully: Canada
  When User enters delivery location "Canada"                                # stepDefinitions.ShopSteps.user_enters_delivery_location(java.lang.String)
23:47:49.665 [TestNG-PoolService-4] INFO  stepDefinitions.ShopSteps - Verifying delivery location. Expected: Canada
23:47:49.716 [TestNG-PoolService-4] INFO  stepDefinitions.ShopSteps - Actual delivery location: Canada
23:47:49.716 [TestNG-PoolService-4] INFO  stepDefinitions.ShopSteps - Delivery location verified successfully.
  Then Delivery location should be "Canada"                                  # stepDefinitions.ShopSteps.delivery_location_should_be(java.lang.String)
23:47:49.717 [TestNG-PoolService-4] INFO  stepDefinitions.ShopSteps - Entering delivery location: United States
23:47:49.884 [TestNG-PoolService-4] INFO  stepDefinitions.ShopSteps - Delivery location entered successfully: United States
  When User enters delivery location "United States"                         # stepDefinitions.ShopSteps.user_enters_delivery_location(java.lang.String)
23:47:49.884 [TestNG-PoolService-4] INFO  stepDefinitions.ShopSteps - Verifying delivery location. Expected: United States
23:47:49.919 [TestNG-PoolService-4] INFO  stepDefinitions.ShopSteps - Actual delivery location: United States
23:47:49.919 [TestNG-PoolService-4] INFO  stepDefinitions.ShopSteps - Delivery location verified successfully.
  Then Delivery location should be "United States"                           # stepDefinitions.ShopSteps.delivery_location_should_be(java.lang.String)
23:47:49.920 [TestNG-PoolService-4] INFO  stepDefinitions.ShopSteps - Verifying Purchase button is displayed.
23:47:49.963 [TestNG-PoolService-4] INFO  stepDefinitions.ShopSteps - Purchase button is displayed successfully.
  Then Checkout should display Purchase button                               # stepDefinitions.ShopSteps.checkout_should_display_purchase_button()
23:47:49.964 [TestNG-PoolService-4] INFO  hooks.Hooks - Closing browser...
23:47:50.640 [TestNG-PoolService-1] INFO  stepDefinitions.LoginSteps - Shop page displayed successfully.
  Then User should see the Shop page                        # stepDefinitions.LoginSteps.user_should_see_the_shop_page()
23:47:50.640 [TestNG-PoolService-1] INFO  stepDefinitions.ShopSteps - Adding product to cart: iphone X
23:47:50.755 [TestNG-PoolService-1] INFO  stepDefinitions.ShopSteps - Product added to cart: iphone X
  When User adds product "iphone X" to the cart             # stepDefinitions.ShopSteps.user_adds_product_to_the_cart(java.lang.String)
23:47:50.755 [TestNG-PoolService-1] INFO  stepDefinitions.ShopSteps - Adding product to cart: Samsung Note 8
23:47:50.870 [TestNG-PoolService-1] INFO  stepDefinitions.ShopSteps - Product added to cart: Samsung Note 8
  And User adds product "Samsung Note 8" to the cart        # stepDefinitions.ShopSteps.user_adds_product_to_the_cart(java.lang.String)
23:47:50.870 [TestNG-PoolService-1] INFO  stepDefinitions.ShopSteps - Verifying cart count. Expected: 2
23:47:50.896 [TestNG-PoolService-1] INFO  stepDefinitions.ShopSteps - Actual cart count: 2
23:47:50.896 [TestNG-PoolService-1] INFO  stepDefinitions.ShopSteps - Cart count verified successfully.
  Then Cart count should be "2"                             # stepDefinitions.ShopSteps.cart_count_should_be(java.lang.String)
23:47:50.896 [TestNG-PoolService-1] INFO  stepDefinitions.ShopSteps - Opening cart.
23:47:50.992 [TestNG-PoolService-1] INFO  stepDefinitions.ShopSteps - Cart opened successfully.
  And User opens the cart                                   # stepDefinitions.ShopSteps.user_opens_the_cart()
23:47:50.993 [TestNG-PoolService-1] INFO  stepDefinitions.ShopSteps - Verifying number of products in cart. Expected: 2
23:47:51.037 [TestNG-PoolService-1] INFO  stepDefinitions.ShopSteps - Actual cart product count: 2
23:47:51.037 [TestNG-PoolService-1] INFO  stepDefinitions.ShopSteps - Cart product count verified successfully.
  Then Cart should contain "2" products                     # stepDefinitions.ShopSteps.cart_should_contain_products(java.lang.String)
23:47:51.037 [TestNG-PoolService-1] INFO  stepDefinitions.ShopSteps - Verifying product in cart: iphone X
23:47:51.088 [TestNG-PoolService-1] INFO  stepDefinitions.ShopSteps - Product found in cart: iphone X
  And Cart should contain product "iphone X"                # stepDefinitions.ShopSteps.cart_should_contain_product(java.lang.String)
23:47:51.089 [TestNG-PoolService-1] INFO  stepDefinitions.ShopSteps - Verifying product in cart: Samsung Note 8
23:47:51.143 [TestNG-PoolService-1] INFO  stepDefinitions.ShopSteps - Product found in cart: Samsung Note 8
  And Cart should contain product "Samsung Note 8"          # stepDefinitions.ShopSteps.cart_should_contain_product(java.lang.String)
23:47:51.143 [TestNG-PoolService-1] INFO  stepDefinitions.ShopSteps - Verifying cart total. Expected: 185000
23:47:51.178 [TestNG-PoolService-1] INFO  stepDefinitions.ShopSteps - Actual cart total: ₹. 185000
23:47:51.178 [TestNG-PoolService-1] INFO  stepDefinitions.ShopSteps - Cart total verified successfully.
  Then Cart total should be "185000"                        # stepDefinitions.ShopSteps.cart_total_should_be(java.lang.String)
23:47:51.179 [TestNG-PoolService-1] INFO  stepDefinitions.ShopSteps - Clicking Checkout.
23:47:51.310 [TestNG-PoolService-1] INFO  stepDefinitions.ShopSteps - Checkout clicked successfully.
  When User clicks Checkout                                 # stepDefinitions.ShopSteps.user_clicks_checkout()
23:47:51.310 [TestNG-PoolService-1] INFO  stepDefinitions.ShopSteps - Verifying Checkout section is displayed.
23:47:51.426 [TestNG-PoolService-1] INFO  stepDefinitions.ShopSteps - Checkout section displayed successfully.
  Then Checkout page should be displayed                    # stepDefinitions.ShopSteps.checkout_page_should_be_displayed()
23:47:51.426 [TestNG-PoolService-1] INFO  stepDefinitions.ShopSteps - Entering delivery location: United States
23:47:51.503 [TestNG-PoolService-4] INFO  hooks.Hooks - Browser cleanup completed.
]]></system-out>
  </testcase>
  <testcase name="runScenario[&quot;Complete end to end purchase with cart validation&quot;, &quot;Shop functionality&quot;](49)" classname="cucumberOptions.TestRunner" time="10.714">
    <system-out><![CDATA[23:47:51.534 [TestNG-PoolService-1] INFO  stepDefinitions.ShopSteps - Delivery location entered successfully: United States
  When User enters delivery location "United States"        # stepDefinitions.ShopSteps.user_enters_delivery_location(java.lang.String)
23:47:51.534 [TestNG-PoolService-1] INFO  stepDefinitions.ShopSteps - Verifying delivery location. Expected: United States
23:47:51.558 [TestNG-PoolService-1] INFO  stepDefinitions.ShopSteps - Actual delivery location: United States
23:47:51.558 [TestNG-PoolService-1] INFO  stepDefinitions.ShopSteps - Delivery location verified successfully.
  Then Delivery location should be "United States"          # stepDefinitions.ShopSteps.delivery_location_should_be(java.lang.String)
23:47:51.559 [TestNG-PoolService-1] INFO  stepDefinitions.ShopSteps - Selecting Terms and Conditions checkbox.
23:47:51.625 [TestNG-PoolService-1] INFO  stepDefinitions.ShopSteps - Terms and Conditions checkbox selected.
  When User selects the terms and conditions checkbox       # stepDefinitions.ShopSteps.user_selects_terms_and_conditions_checkbox()
23:47:51.625 [TestNG-PoolService-1] INFO  stepDefinitions.ShopSteps - Verifying Terms and Conditions checkbox.
23:47:51.652 [TestNG-PoolService-1] INFO  stepDefinitions.ShopSteps - Terms and Conditions checkbox is selected.
  Then Terms and conditions checkbox should be selected     # stepDefinitions.ShopSteps.terms_and_conditions_checkbox_should_be_selected()
23:47:51.652 [TestNG-PoolService-1] INFO  stepDefinitions.ShopSteps - Clicking Purchase button.
23:47:51.738 [TestNG-PoolService-1] INFO  stepDefinitions.ShopSteps - Purchase button clicked successfully.
  When User clicks Purchase                                 # stepDefinitions.ShopSteps.user_clicks_purchase()
23:47:51.738 [TestNG-PoolService-1] INFO  stepDefinitions.ShopSteps - Verifying purchase confirmation message.
23:47:51.785 [TestNG-PoolService-1] INFO  stepDefinitions.ShopSteps - Purchase confirmation message: ProtoCommerce
Home
Shop

ProtoCommerce Home
Checkout ( 2 )
(current)
Please choose your delivery location.
Then click on purchase button
I agree with the term & Conditions

×
Success! Thank you! Your order will be delivered in next few weeks :-).
Copyright © ProtoCommerce 2018
23:47:51.785 [TestNG-PoolService-1] INFO  stepDefinitions.ShopSteps - Purchase confirmation verified successfully.
  Then Purchase confirmation message should be displayed    # stepDefinitions.ShopSteps.purchase_confirmation_message_should_be_displayed()
23:47:51.786 [TestNG-PoolService-1] INFO  hooks.Hooks - Closing browser...
23:47:52.035 [TestNG-PoolService-1] INFO  hooks.Hooks - Browser cleanup completed.
]]></system-out>
  </testcase>
</testsuite>