<?xml version="1.0" encoding="UTF-8"?>
<!-- Generated by org.testng.reporters.JUnitReportReporter -->
<testsuite hostname="DeepikaRavish" failures="0" tests="49" name="cucumberOptions.TestRunner" time="543.529" errors="0" timestamp="2026-09-19T23:47:52 GMT-05:00" skipped="0">
  <testcase classname="cucumberOptions.TestRunner" name="runScenario" time="4.550"/>
  <testcase classname="cucumberOptions.TestRunner" name="runScenario" time="9.861"/>
  <testcase classname="cucumberOptions.TestRunner" name="runScenario" time="8.257"/>
  <testcase classname="cucumberOptions.TestRunner" name="runScenario" time="7.653"/>
  <testcase classname="cucumberOptions.TestRunner" name="runScenario" time="13.668"/>
  <testcase classname="cucumberOptions.TestRunner" name="runScenario" time="12.570"/>
  <testcase classname="cucumberOptions.TestRunner" name="runScenario" time="7.046"/>
  <testcase classname="cucumberOptions.TestRunner" name="runScenario" time="10.069"/>
  <testcase classname="cucumberOptions.TestRunner" name="runScenario" time="12.132"/>
  <testcase classname="cucumberOptions.TestRunner" name="runScenario" time="11.656"/>
  <testcase classname="cucumberOptions.TestRunner" name="runScenario" time="10.110"/>
  <testcase classname="cucumberOptions.TestRunner" name="runScenario" time="12.904"/>
  <testcase classname="cucumberOptions.TestRunner" name="runScenario" time="12.584"/>
  <testcase classname="cucumberOptions.TestRunner" name="runScenario" time="10.808"/>
  <testcase classname="cucumberOptions.TestRunner" name="runScenario" time="9.127"/>
  <testcase classname="cucumberOptions.TestRunner" name="runScenario" time="11.951"/>
  <testcase classname="cucumberOptions.TestRunner" name="runScenario" time="10.022"/>
  <testcase classname="cucumberOptions.TestRunner" name="runScenario" time="13.025"/>
  <testcase classname="cucumberOptions.TestRunner" name="runScenario" time="13.839"/>
  <testcase classname="cucumberOptions.TestRunner" name="runScenario" time="9.116"/>
  <testcase classname="cucumberOptions.TestRunner" name="runScenario" time="11.498"/>
  <testcase classname="cucumberOptions.TestRunner" name="runScenario" time="12.465"/>
  <testcase classname="cucumberOptions.TestRunner" name="runScenario" time="12.294"/>
  <testcase classname="cucumberOptions.TestRunner" name="runScenario" time="11.446"/>
  <testcase classname="cucumberOptions.TestRunner" name="runScenario" time="12.214"/>
  <testcase classname="cucumberOptions.TestRunner" name="runScenario" time="9.564"/>
  <testcase classname="cucumberOptions.TestRunner" name="runScenario" time="10.120"/>
  <testcase classname="cucumberOptions.TestRunner" name="runScenario" time="11.180"/>
  <testcase classname="cucumberOptions.TestRunner" name="runScenario" time="10.714"/>
  <testcase classname="cucumberOptions.TestRunner" name="runScenario" time="12.840"/>
  <testcase classname="cucumberOptions.TestRunner" name="runScenario" time="11.256"/>
  <testcase classname="cucumberOptions.TestRunner" name="runScenario" time="12.784"/>
  <testcase classname="cucumberOptions.TestRunner" name="runScenario" time="11.058"/>
  <testcase classname="cucumberOptions.TestRunner" name="runScenario" time="11.101"/>
  <testcase classname="cucumberOptions.TestRunner" name="runScenario" time="13.461"/>
  <testcase classname="cucumberOptions.TestRunner" name="runScenario" time="10.513"/>
  <testcase classname="cucumberOptions.TestRunner" name="runScenario" time="10.758"/>
  <testcase classname="cucumberOptions.TestRunner" name="runScenario" time="11.521"/>
  <testcase classname="cucumberOptions.TestRunner" name="runScenario" time="7.134"/>
  <testcase classname="cucumberOptions.TestRunner" name="runScenario" time="12.744"/>
  <testcase classname="cucumberOptions.TestRunner" name="runScenario" time="12.165"/>
  <testcase classname="cucumberOptions.TestRunner" name="runScenario" time="10.483"/>
  <testcase classname="cucumberOptions.TestRunner" name="runScenario" time="12.283"/>
  <testcase classname="cucumberOptions.TestRunner" name="runScenario" time="11.721"/>
  <testcase classname="cucumberOptions.TestRunner" name="runScenario" time="12.356"/>
  <testcase classname="cucumberOptions.TestRunner" name="runScenario" time="14.857"/>
  <testcase classname="cucumberOptions.TestRunner" name="runScenario" time="12.275"/>
  <testcase classname="cucumberOptions.TestRunner" name="runScenario" time="10.114"/>
  <testcase classname="cucumberOptions.TestRunner" name="runScenario" time="9.662"/>
</testsuite> <!-- cucumberOptions.TestRunner -->
